# TLS 1.3 secrets log file
CLIENT_HANDSHAKE_TRAFFIC_SECRET 334f87edc5af49734c1a8bcbf6517b3b7786923a5070e2ac53c4e58fcd2e905a b9b361c8ce8a5c3a202e4d6233cfa5c3c228a387e1d35ff45f90830baa7477f058563eed4d1649553cd092fe67be1e07
SERVER_HANDSHAKE_TRAFFIC_SECRET 334f87edc5af49734c1a8bcbf6517b3b7786923a5070e2ac53c4e58fcd2e905a a34e6411282a1ad3df845ee0135e88a9a9448b36c23d8c15d181f7cc2f34805692b6ace2176ca4d17e70312c42d50ef2
CLIENT_TRAFFIC_SECRET_0 334f87edc5af49734c1a8bcbf6517b3b7786923a5070e2ac53c4e58fcd2e905a 4d5af3c81c856c817cedbb57bf9600d6127b8a10f8db83bdd8c4f721acb9f93510cf7bba03e7257b6a83d107628a6f60
SERVER_TRAFFIC_SECRET_0 334f87edc5af49734c1a8bcbf6517b3b7786923a5070e2ac53c4e58fcd2e905a d5fad5f708ccae9e6c2ce400b35567ec17e68ff3e3bd78f00e41803dc87a790b3980c245d82b19b243bf4eed7f4268b3
CLIENT_HANDSHAKE_TRAFFIC_SECRET 043960bcac834d5f90af94cb3501e5070f7e643c2add8dfa940ebe28b4182f8c ac978e00bf94ecbc203bcde2c94936a46c0145545656db8256a6ab93d48f8dcecaf65bd787b3a6271d05b7b8af0829b7
SERVER_HANDSHAKE_TRAFFIC_SECRET 043960bcac834d5f90af94cb3501e5070f7e643c2add8dfa940ebe28b4182f8c efc812f479261b7ffd3a2db428e1615f71691d966424cfd4c38f69390e5141e4edd858efdda4df108d879fec831f7961
CLIENT_TRAFFIC_SECRET_0 043960bcac834d5f90af94cb3501e5070f7e643c2add8dfa940ebe28b4182f8c 3c7734c92899a08a1389cdba72ec029ceffc5e4291ba02414e922aec8b672281afcafd609092a9028d3ae1f2386ff563
SERVER_TRAFFIC_SECRET_0 043960bcac834d5f90af94cb3501e5070f7e643c2add8dfa940ebe28b4182f8c 5d79a1d26c231b2800b4261380c602587df28c617545395ff235c9be44829e803a7800969b57b5956df4b47ae943d47c
CLIENT_HANDSHAKE_TRAFFIC_SECRET 663d5852bae67e773cc5a97c248a9106d6809512c0917dff7349b801c31ad6ff a28f2df5ac0fe68f515115965cdb5b76a256cab994f47819a3acb1a5c10920e45c59f370f29a384459c00c9122888315
SERVER_HANDSHAKE_TRAFFIC_SECRET 663d5852bae67e773cc5a97c248a9106d6809512c0917dff7349b801c31ad6ff b2db179b4514348f48904887324a522f55b7c37bc5f27d80433867de4388eb41d0a7ddc7892d5a818b9216fc24975f00
CLIENT_TRAFFIC_SECRET_0 663d5852bae67e773cc5a97c248a9106d6809512c0917dff7349b801c31ad6ff 042d3ba2085c5062ff8bf8f43660fc4a5a3b5690639d7591302797258b62b483816a3691f606b963ef0417f6da0a40db
SERVER_TRAFFIC_SECRET_0 663d5852bae67e773cc5a97c248a9106d6809512c0917dff7349b801c31ad6ff 81f9c0c96c85698b3501d010b9f8844f8a4a3da38a4abc6131a2fa06192c0b3bdfab41d206cd4c95613caea7e1be48e3
CLIENT_HANDSHAKE_TRAFFIC_SECRET b2e69444211d95ebd6050d3c2c46d0eef2de318c206adcfd64a3fc012656ba40 4f032f333bd3d7eaf58a8680a1d637e0e7914f254c3c198c6df1798baeade5921301468bec82f49e2c61f64cd7a3753a
SERVER_HANDSHAKE_TRAFFIC_SECRET b2e69444211d95ebd6050d3c2c46d0eef2de318c206adcfd64a3fc012656ba40 35ae70c53fd66a6452cce41e45513d52b55f6860af5e7927ef6162fded9372325b681d3450e167d6b41440b1e33fdded
CLIENT_TRAFFIC_SECRET_0 b2e69444211d95ebd6050d3c2c46d0eef2de318c206adcfd64a3fc012656ba40 3a156c90b7ce1787f254f3103e3a6bf2f1f1b0e3252e7440e3467f0395b451510c0556da187bd30ba7e635ed6432c012
SERVER_TRAFFIC_SECRET_0 b2e69444211d95ebd6050d3c2c46d0eef2de318c206adcfd64a3fc012656ba40 3e3007d2cffb260ad72b2ab58d00bdec9bf829fb7b08928b5356f3ebf05836cfdd72c621f35f2c8e15ab56698c70f524
CLIENT_HANDSHAKE_TRAFFIC_SECRET a9dc3e9fdf06718bb044b11dfa76785244dde2b258ecb260c8408344ec6706b9 e89258bbaf29fa24ff520d83bfaa9e1c9895ff8f849b977bb3da104a8fa155ce4e278c400c784545a7d549d2effc502f
SERVER_HANDSHAKE_TRAFFIC_SECRET a9dc3e9fdf06718bb044b11dfa76785244dde2b258ecb260c8408344ec6706b9 b7d6f7018f6b3591c88f018931408ca561e048df5b61f056d827ee44184753c01497c4cf5883ab4926adae92f8822c2a
CLIENT_TRAFFIC_SECRET_0 a9dc3e9fdf06718bb044b11dfa76785244dde2b258ecb260c8408344ec6706b9 fea61fe273074c4ef5dae9f8d2846dc740e9f53395745651b76bac2e92474ee984c97803d43689a117f9ada2aa1f7b92
SERVER_TRAFFIC_SECRET_0 a9dc3e9fdf06718bb044b11dfa76785244dde2b258ecb260c8408344ec6706b9 b1b913340cf2a575a8dda7ddb0e2964906d1e269ab3a319871973b147bea4b1830f737bf89e3a6e7b3491ae22e01b48e
CLIENT_HANDSHAKE_TRAFFIC_SECRET cda617a1681f0d4b9ada717733a84dbf60b96bc2b4bc6df0676cacc686795f88 8abab1363f7e53f0dc180a480eb365b6e06fba3ded6b7ed843c2498f25e84c9d4ad6d12ce4bd84e78c2cfebff08bbf7a
SERVER_HANDSHAKE_TRAFFIC_SECRET cda617a1681f0d4b9ada717733a84dbf60b96bc2b4bc6df0676cacc686795f88 e996ba80a4f3665a2b1c882bb6427cd4a83dfcd1ff505ff48213922d2dd90cdd27d7c25110783928326f768b92b9739a
CLIENT_TRAFFIC_SECRET_0 cda617a1681f0d4b9ada717733a84dbf60b96bc2b4bc6df0676cacc686795f88 7beb31d0566a14afc5b76481f4070ecad28b52172c900817a4ae7f1f3b4a28f8037d7b70922e36913bec317d831db9fb
SERVER_TRAFFIC_SECRET_0 cda617a1681f0d4b9ada717733a84dbf60b96bc2b4bc6df0676cacc686795f88 f263b8338a98c9f64daa8aca1b8dd37735d6d8d5b486f99d41d6259787dc58e7bb053e9ebbdb1c1862699b3284cabbfa
CLIENT_HANDSHAKE_TRAFFIC_SECRET ad85065a69f02e2c69ef80833f412e193c6e314379011c63577e958e4c64f412 77e2e77c3645f91717d4a3f769bd5e391bfc126f854db90e18aacdd7defeec5f88029461ba120ff9b1d05121e09ef01e
SERVER_HANDSHAKE_TRAFFIC_SECRET ad85065a69f02e2c69ef80833f412e193c6e314379011c63577e958e4c64f412 ba581c148d1ed9a132155097a98471a42d2eeed7a8940ba0016b565e23a9dc518032db73843df33731fb5ae8fdbfecc1
CLIENT_TRAFFIC_SECRET_0 ad85065a69f02e2c69ef80833f412e193c6e314379011c63577e958e4c64f412 0d0d82cd38ca1236fa5620357bfa9997e04ac630946ff433ad5fb835499d1779756dfd15142b933ef9edda76acd52b63
SERVER_TRAFFIC_SECRET_0 ad85065a69f02e2c69ef80833f412e193c6e314379011c63577e958e4c64f412 a0c1a3b0be1852ed7350d8cba7b81282d8bc27186736e4b9ff89d5e4df9cb4080a68b7df925c246caa919f420b4d568e
CLIENT_HANDSHAKE_TRAFFIC_SECRET 26201c08ac41f0583a425d1244b586c40eafee26ad81372deb8ee6104571110c a64870e8e40abe85cc6e0c6d9a8589e107e193f73801fef9ea39fdace9152f4b08b629666758c5446dc005a1038f9bcc
SERVER_HANDSHAKE_TRAFFIC_SECRET 26201c08ac41f0583a425d1244b586c40eafee26ad81372deb8ee6104571110c 6d47ab42ca1e0f8b08b2f70ece779a806741e2f0ce145a95855a381233bf24be444826553f884cb833dc670ac05e7f42
CLIENT_TRAFFIC_SECRET_0 26201c08ac41f0583a425d1244b586c40eafee26ad81372deb8ee6104571110c f808589301d2b23347f85c05c902da64daec7fe3a08f801a8c090c00e4f564065aac4939786d8983574593e56e62a6b0
SERVER_TRAFFIC_SECRET_0 26201c08ac41f0583a425d1244b586c40eafee26ad81372deb8ee6104571110c ab13ca42038e99536ca7accabb55bd0a858df453aeedcc49d6ae15217c624c9182b1145b20dbc7ed03fe533f42b1b8a3
CLIENT_HANDSHAKE_TRAFFIC_SECRET 7abea7934fa68fd962539f4c40db35ddcbe0d1ca07d225b89dfb38a0fd37badc 0b7163755195e44c5c678776ccb0a24e88778170c90ee7631bcecd583a3336e3a0843a43459fbc920e77f4a8744d2401
SERVER_HANDSHAKE_TRAFFIC_SECRET 7abea7934fa68fd962539f4c40db35ddcbe0d1ca07d225b89dfb38a0fd37badc eb7c2195a6b87777d4fedab1a7ecc9462ef3ca0060245dde3401c72f268ec9e3602d41e142adb94ea715a3536cb096d8
CLIENT_TRAFFIC_SECRET_0 7abea7934fa68fd962539f4c40db35ddcbe0d1ca07d225b89dfb38a0fd37badc f601f0b8a3b60bec86e4771b38ea4aba7c919abef9e6e2f03b5a5c695a3a80a47f35458bc7795be15a78a76fce1de92b
SERVER_TRAFFIC_SECRET_0 7abea7934fa68fd962539f4c40db35ddcbe0d1ca07d225b89dfb38a0fd37badc 3c57edb6e1ff6a8178da894262dc2840d915f3512cc839def180517ea10621c721821f4acf0c27722c2b4a3bdfbe9a83
CLIENT_HANDSHAKE_TRAFFIC_SECRET 91835af73724daacfd371e4d35d8f1bec7023ac509f5618164bbffefd5fcaa0f 616cf5d24847243f6e55310a5bad5c8c3d39dad4e3d9667cb71f76f875ada3ce2898f0e70e41f91b16e638afdd3e1f4e
SERVER_HANDSHAKE_TRAFFIC_SECRET 91835af73724daacfd371e4d35d8f1bec7023ac509f5618164bbffefd5fcaa0f 68ac2f3117cfb90676f72f0b64b57d14aa7fb436f6a06998ca81fbbebcf0e7201cef2900e020a36c8e4242c7f5b62f21
CLIENT_TRAFFIC_SECRET_0 91835af73724daacfd371e4d35d8f1bec7023ac509f5618164bbffefd5fcaa0f 8dfe9700cf6d4ff55f24fc0916352241cb86ef682364ee0af253bf95413ac625b368a2a4a07e7ac164c8036ccd146bee
SERVER_TRAFFIC_SECRET_0 91835af73724daacfd371e4d35d8f1bec7023ac509f5618164bbffefd5fcaa0f 1a3c7b495626c54a74c4f8cfe363ca041e3ecf0a03e79311c9c80361f48f0d54df0041b1d68a9830502bb5f74cb7a19d
CLIENT_HANDSHAKE_TRAFFIC_SECRET 80b78adc12fd08f1f2f0caac738e7013f9c20826d2f3313ec9e4aa78b7241c6d cdbce40fe7bf32439b32c2f895bf777657870539a2a51ead982a3c1af35223c24fb50206876297ea446021e5f83ee60e
SERVER_HANDSHAKE_TRAFFIC_SECRET 80b78adc12fd08f1f2f0caac738e7013f9c20826d2f3313ec9e4aa78b7241c6d d73eb6bd2849fdf02d53e01d2bf1cc4c7bd5556d524a28b17fcf0e669dae469f846ee77625bcbe164bf491bb85bd783d
CLIENT_TRAFFIC_SECRET_0 80b78adc12fd08f1f2f0caac738e7013f9c20826d2f3313ec9e4aa78b7241c6d 1a353be8651a7a5e258f9e8a10763988f621337905d5c45814d606b023b725fbc817d3f2fc26e1bbf8b6617c85e7b976
SERVER_TRAFFIC_SECRET_0 80b78adc12fd08f1f2f0caac738e7013f9c20826d2f3313ec9e4aa78b7241c6d 36761f02cf18b85a5cd04f60a10fefae7ba314bf5bad6d5cde60a200cef21fe37d62e97774a5054fdcc317e3f3605826
CLIENT_HANDSHAKE_TRAFFIC_SECRET 248ba2bd44f041049248c15498d10dd41c2b01b5e2bbb135e084200a9cd991a5 b625bb74351b85401aa514e3ebbbcb6163b4bc52f2cf2e95765827c3c9a1469bf0a25895974fd7cf67d86dd7525c7138
SERVER_HANDSHAKE_TRAFFIC_SECRET 248ba2bd44f041049248c15498d10dd41c2b01b5e2bbb135e084200a9cd991a5 d4b7159019eb68b36ecb29beba35e50286a2eecd8bcdadb0fbf5ddf1a4f3a152b43f2fa98829e58a63bfc88bd94712d3
CLIENT_TRAFFIC_SECRET_0 248ba2bd44f041049248c15498d10dd41c2b01b5e2bbb135e084200a9cd991a5 5da383404e459f6fd24dabdf1e672a138990f88d7b6d4f2f01ada4729e4cd0b6bc8253d81aa796eda7bb6d25f5994608
SERVER_TRAFFIC_SECRET_0 248ba2bd44f041049248c15498d10dd41c2b01b5e2bbb135e084200a9cd991a5 36cb9225e42faf57d0bd09cc92265959eec5ba4abfc710c5b4deb0e53b77459c7a5a3f2ce36e2e0d7304f3242488b38f
CLIENT_HANDSHAKE_TRAFFIC_SECRET 7e66ed2d9feaa7467f1f4aef262b19513ca7182fa43c183a231ef287cd1d1f11 e7ef6576b504a7e236c0c7288ff3bcf066fe4c23f50044f48b297c4d03568a6bb38ddd3d3d923033af75c4d4caa84be3
SERVER_HANDSHAKE_TRAFFIC_SECRET 7e66ed2d9feaa7467f1f4aef262b19513ca7182fa43c183a231ef287cd1d1f11 0a78d349dd862882465c5b90dedc6c50d0d1f96f6e4abed9ce9bd1410cae9391c6ce93d87b9b65c33a18918adac4e1cb
CLIENT_TRAFFIC_SECRET_0 7e66ed2d9feaa7467f1f4aef262b19513ca7182fa43c183a231ef287cd1d1f11 669dcf7b7abf902810b106ae8a6d7ce2b457007992081e043c5ddcb71884ed2be59caf884167f69e3ee5ce3959b4f6e0
SERVER_TRAFFIC_SECRET_0 7e66ed2d9feaa7467f1f4aef262b19513ca7182fa43c183a231ef287cd1d1f11 49f255cd03af4f47cd07f38953f84489b2b28b9c8bd54c518000b06d24991e68daec3781bf11fe0f5a1f3761659e526f
CLIENT_HANDSHAKE_TRAFFIC_SECRET ec53d753d1646dc6db1fad35f2081e6ae73b27972d435cc50532412642117365 9e6cb38f81073d7142c6fe07bdc199febbee8f6b35cd35468d2c9991507e7aef1bdaf55183825cde9b78b3226560f47e
SERVER_HANDSHAKE_TRAFFIC_SECRET ec53d753d1646dc6db1fad35f2081e6ae73b27972d435cc50532412642117365 0f0a45b7b532e48f0225d7bc68aa3a96f97a729fd21a4a93521b949ef221db3f6d40041061e5eb9a5584c2cef1f3d57c
CLIENT_TRAFFIC_SECRET_0 ec53d753d1646dc6db1fad35f2081e6ae73b27972d435cc50532412642117365 c7e9b92369ef6b703079cc6c31fd6476325e1be13b0e2360db7eb2983bf1179e2d7561e108e86e9e9520f59747e2ed76
SERVER_TRAFFIC_SECRET_0 ec53d753d1646dc6db1fad35f2081e6ae73b27972d435cc50532412642117365 f6563287c0b096cfae367a9f909dc2bacf2f0a8e5028baf2caea4a09cef8ca90826a89b25d12f2b6cbea30db9910266c
CLIENT_HANDSHAKE_TRAFFIC_SECRET 665ee631690f19223982e11c4286179720187a3609f8a396328b15d0850236f3 8f528628585b1afa15cc28a47b92828455feed1eb32e7a341c3a8579b830d6b21c43c3f8ade053915f9a8ba43d3d572c
SERVER_HANDSHAKE_TRAFFIC_SECRET 665ee631690f19223982e11c4286179720187a3609f8a396328b15d0850236f3 bb38dd0cbd1f2c0d763f07d137ff150759e38aaddad9371564f2b69d3fcb332928c2aaee386af998a806e8a779e72702
CLIENT_TRAFFIC_SECRET_0 665ee631690f19223982e11c4286179720187a3609f8a396328b15d0850236f3 7294f2b066aa46b2c8785ddec3907726d0f5b3b7aba9a26822204054ef2fbb3ce4872fd716a23df933e9dde428c94bed
SERVER_TRAFFIC_SECRET_0 665ee631690f19223982e11c4286179720187a3609f8a396328b15d0850236f3 27ac70775cc3bb67623ceb48b3200311344d565ce345bcd23a0e9078eff4a9a47612a1ec3cb683e2ebbea770e2bc69d6
CLIENT_HANDSHAKE_TRAFFIC_SECRET e20dc17a8ceb94eb549f71a74e6ce74b5469fff18b6e14f246e7b5190d15e7aa 1efef0426a24c97798eebb04426e602a9bafe3a72179c87a7789b29911f4d74a83c031c558b1b5a80d24c03f7450650a
SERVER_HANDSHAKE_TRAFFIC_SECRET e20dc17a8ceb94eb549f71a74e6ce74b5469fff18b6e14f246e7b5190d15e7aa 51af018f58d691de9bc3e113793cfd7bf9c90fac8ce93feba300f3e713350fee4f53729bc8132018052c79cf32232f14
CLIENT_TRAFFIC_SECRET_0 e20dc17a8ceb94eb549f71a74e6ce74b5469fff18b6e14f246e7b5190d15e7aa 4993087f084fcf64676968ffd8ea3abfe686a88fcf111e697b9837f383ae02c266fb8534cb834e2ed6a5a4c6f81b72b9
SERVER_TRAFFIC_SECRET_0 e20dc17a8ceb94eb549f71a74e6ce74b5469fff18b6e14f246e7b5190d15e7aa 4d324a13909d5ad07acb33fc878db5e75761ad499e5cff59c549e5aa0802a7a5c50b0070425bd2e4654a0d56d5d310ff
CLIENT_HANDSHAKE_TRAFFIC_SECRET e6117af7a516ba99e839e23104f5a6e7278dc2e21efe3f304f18ba262a4ac501 be5a8a1dcd99b18a70cda6b680e499d31fac083e20ce6b69d31717b9dd19b98d77dff3cf021816a2f047994c78d1c6f8
SERVER_HANDSHAKE_TRAFFIC_SECRET e6117af7a516ba99e839e23104f5a6e7278dc2e21efe3f304f18ba262a4ac501 53be604f977b9ba54b12f1244391a94bbf240c23bb03924f86e045332871770f0dcc4b726964deb943025b811716469a
CLIENT_TRAFFIC_SECRET_0 e6117af7a516ba99e839e23104f5a6e7278dc2e21efe3f304f18ba262a4ac501 0fade891874e81742c84be80ad20e21ae9c2adf04defd226f6bc9ff1c07f04eec8a47cee0b50fa59f4ca2621fd8a8d69
SERVER_TRAFFIC_SECRET_0 e6117af7a516ba99e839e23104f5a6e7278dc2e21efe3f304f18ba262a4ac501 fc0b7d5dcc83415c7c7ab80e321764d2c0cfaf259fc935de329b7904c33ef50e7145787a259d60317ba6f02132e1cc3a
CLIENT_HANDSHAKE_TRAFFIC_SECRET c6099b48996eb7552f0e5f1f3ee25451c74e61190bca8479de3fb0349d6e69e2 60726c0a2784d5361e783023f3ba0a3621d84853f2165294e1c7e2dadbecf9765cfd31d5ef3dd2b7562646512fcdc07e
SERVER_HANDSHAKE_TRAFFIC_SECRET c6099b48996eb7552f0e5f1f3ee25451c74e61190bca8479de3fb0349d6e69e2 8af8c2384641c3fd1cd86a7e4ef7c0a5009875c71a52e8bd17844b410d6edb1ca79d780713cd2432c202fba6fbb051e7
CLIENT_TRAFFIC_SECRET_0 c6099b48996eb7552f0e5f1f3ee25451c74e61190bca8479de3fb0349d6e69e2 f849533a24475d93fa87191a8c1c7ce146c5104a6eb6b1f17c40688b6b9e601f5a6e155cc0ab11e72472dd09664e591d
SERVER_TRAFFIC_SECRET_0 c6099b48996eb7552f0e5f1f3ee25451c74e61190bca8479de3fb0349d6e69e2 b4dc5b707bea7875c0bddad5d80e817d5106ee87f1439188380d39b93bc69c634a1933307cfb02c9263b933cbd7ec36d
CLIENT_HANDSHAKE_TRAFFIC_SECRET addfe227083eada6df2ef428ec5bb64fe57c07273981030bfa99257648bde59d cfaea75a3e73c77e365def7d73ce0c6a600b4cdffd0acc1232c78d15e9bbed75dfe7c2adaaff1e16068e41f32808d04e
SERVER_HANDSHAKE_TRAFFIC_SECRET addfe227083eada6df2ef428ec5bb64fe57c07273981030bfa99257648bde59d 677dbac7c3a87f2badf7b9b77a0936ceb5d8ab91718a6039565e2517145b519d525977430ec9771f44d595f1f87f135f
CLIENT_TRAFFIC_SECRET_0 addfe227083eada6df2ef428ec5bb64fe57c07273981030bfa99257648bde59d c5f5543873d3c29588fe99fd28a3ab57d147cbad82314658d53224684d601fb77a20ceceecf9a8f82241300d578ddbb5
SERVER_TRAFFIC_SECRET_0 addfe227083eada6df2ef428ec5bb64fe57c07273981030bfa99257648bde59d f275d9a6a846be6d2c069ee0b402e89ae09b810969875bfbf583b118a7a5c1bb585711f40aaebabe2290be89d00e6dfd
CLIENT_HANDSHAKE_TRAFFIC_SECRET 5f94017954fbd90c757f3c1f89db7fc98d1b1f7ac266ee638fcc372854817e3f fb3912f292ff730e4c9a65cc9d953e1584842a3a044b78bc9210f27548ba944386422ac62312631122dba5651af2be13
SERVER_HANDSHAKE_TRAFFIC_SECRET 5f94017954fbd90c757f3c1f89db7fc98d1b1f7ac266ee638fcc372854817e3f 8e2ff1830614c873c084a4eaa3803b502f43b6bb38736b8bd74997f2f3435cbf870bc741c7d2018c07ea20e736a7b10e
CLIENT_TRAFFIC_SECRET_0 5f94017954fbd90c757f3c1f89db7fc98d1b1f7ac266ee638fcc372854817e3f bbd1141fd38137f4b28f4e6563b026fff5688e44153759e99a482e4fa6baf9e878a3a72d181f9026c6a887e7278dbd99
SERVER_TRAFFIC_SECRET_0 5f94017954fbd90c757f3c1f89db7fc98d1b1f7ac266ee638fcc372854817e3f f8e7ad84a8952ab9a3ca6c290129a286785d24f5aaab0cdadcec8a6a7c6653e65c33bf956782825d9e2e767a78b4837a
CLIENT_HANDSHAKE_TRAFFIC_SECRET 542146dc49fc7daf3bc0dacd8ba978de1ea1daab96af6408d032df7b503f8947 32fca15e36da5b1b2b8d9352044db2aa85329a4dd416e393a33fdc06f905c8e3c5c47ba99c899e171b12754c410f3ad0
SERVER_HANDSHAKE_TRAFFIC_SECRET 542146dc49fc7daf3bc0dacd8ba978de1ea1daab96af6408d032df7b503f8947 48c7ad8b08f8a15d9541d3fce9eb54e8c5ba179f3b990b185ccf11a28c0a89c9d362b9cba4493b5bd4bb94d966fb5193
CLIENT_TRAFFIC_SECRET_0 542146dc49fc7daf3bc0dacd8ba978de1ea1daab96af6408d032df7b503f8947 8cdd73127ae20075a91f3af8ab401c2ea22807fcfd3f25709302e114df705625b73dcf8f3566c53fceb56cee7263ad40
SERVER_TRAFFIC_SECRET_0 542146dc49fc7daf3bc0dacd8ba978de1ea1daab96af6408d032df7b503f8947 0fb250a22b673d2d7e587e2be922d2f87633923d9a840af66a348f3fd5750adf6008a0ee12258488c8e9e8df054357dd
CLIENT_HANDSHAKE_TRAFFIC_SECRET 836b99cfd772c11d74e7b2e7234642895dc6da0e6b4ae53786a1c6cc8c537488 05bb226e58da558fc122eb465e6424690477d77eab233d735e569eef2d0254d56dc0518badfef3a28705943a3f260261
SERVER_HANDSHAKE_TRAFFIC_SECRET 836b99cfd772c11d74e7b2e7234642895dc6da0e6b4ae53786a1c6cc8c537488 14777b1deb3767c816e4f3a0c4d6bf56572bc972da3b8426120d95f03ad86658dafec4231378a905ac07e86f35743fbd
CLIENT_TRAFFIC_SECRET_0 836b99cfd772c11d74e7b2e7234642895dc6da0e6b4ae53786a1c6cc8c537488 8ea422a9dbe53d5f40289dc1f70d59b020ce4905c5dd1be663b8141898cdbdad10e2e16a17c5fb3966ec19a26736ac0a
SERVER_TRAFFIC_SECRET_0 836b99cfd772c11d74e7b2e7234642895dc6da0e6b4ae53786a1c6cc8c537488 c760f1cf0be12fa2b6c398d42b5b3b60633181327241319669a258c37cf6bec43b230c5427738905581dc7423abb1da1
CLIENT_HANDSHAKE_TRAFFIC_SECRET 4db06c21dde3367214297fc18adce9a284b319159025e763782a6cdb4c4e3925 aab7def585b603336fbe609d6cd4ba4dfd9f73c3b4f32e7793793604bbcfae0fbca1e26f331271ea964f41ce717c75d2
SERVER_HANDSHAKE_TRAFFIC_SECRET 4db06c21dde3367214297fc18adce9a284b319159025e763782a6cdb4c4e3925 15c90d7209d00c8d4b991b3df35f8b61ebc522b4bb4224f5a448690cd9b3c279cbf3fd61f651a9c69596352330795353
CLIENT_TRAFFIC_SECRET_0 4db06c21dde3367214297fc18adce9a284b319159025e763782a6cdb4c4e3925 68234c404a70cb71d1be65d02bb5cf8cca77257241acd603158efac829ad9df23f05fbf8cf691fdc8af24f7ef20cfad0
SERVER_TRAFFIC_SECRET_0 4db06c21dde3367214297fc18adce9a284b319159025e763782a6cdb4c4e3925 d4305946383b62ba1a5393843ff0a270fc6bbf8d79ccb864df51cf1a0cf4e0a2e7179c3210ea42eb7943d48be3b91a79
CLIENT_HANDSHAKE_TRAFFIC_SECRET 021ba9e2cd10ad80ea9586bf4a828ed460a68ae8c7b39f0233d772d1c6232ee3 d5bb46efabcd7ad2fcac247b9c72964310bdcb53464f6270b3aca383728998d15ed21daeca4b8c101374f0e370794e48
SERVER_HANDSHAKE_TRAFFIC_SECRET 021ba9e2cd10ad80ea9586bf4a828ed460a68ae8c7b39f0233d772d1c6232ee3 884e6ff4a4eb27dadf233dab3d1d71a235624a8d42f5ba2a64c54db950fadf0ca01681a39a7824641e593bbdccf891cd
CLIENT_TRAFFIC_SECRET_0 021ba9e2cd10ad80ea9586bf4a828ed460a68ae8c7b39f0233d772d1c6232ee3 4e731601367444cd75b86580707dbb16374e1c5ec056db0b3e57901d03b8ef166f8f6959838df1ed3ccb10542575861f
SERVER_TRAFFIC_SECRET_0 021ba9e2cd10ad80ea9586bf4a828ed460a68ae8c7b39f0233d772d1c6232ee3 9274b92255a6984107523416f2106cda4cdfc0b2b86a46e5dbf8475d54bb8d29b4f6763e071aaf7b5a18a814074c30ba
CLIENT_HANDSHAKE_TRAFFIC_SECRET d3d69da01c133234a753ccfeaf107933250177ad39c57e41d38370bb76f49985 73a559d081d66dd27b701a44106872ecf9a24200767c50d9f45b43cfe2aec06b98c7b03e5d38512084fd1c592c1ce979
SERVER_HANDSHAKE_TRAFFIC_SECRET d3d69da01c133234a753ccfeaf107933250177ad39c57e41d38370bb76f49985 757036590be2f20017577fc4cd7cd28715b697def548f654bd773162563f4023b9986ed8f4a3ee65a4718c7d7b9b362e
CLIENT_TRAFFIC_SECRET_0 d3d69da01c133234a753ccfeaf107933250177ad39c57e41d38370bb76f49985 4fd3d37d5f111e103094b0abe9cb83e902c77f93150bd937deaa437c2e1772d9c3c0f95ae2bfa59d6ef323130582b27a
SERVER_TRAFFIC_SECRET_0 d3d69da01c133234a753ccfeaf107933250177ad39c57e41d38370bb76f49985 98b0282c7a5ef8771dd682e6514448f46e28c0bb4c1d75531a7da68f39b768229dec498d253c4103d2e9fbacd8c15aeb
CLIENT_HANDSHAKE_TRAFFIC_SECRET 12f6a9466c9c3fee6386bd09bb7914fd319296b1815756b5ce9ba76fcf7e1467 a12e5acf8fa60a9bbb5b38380f7976206f5a79ef12aa682f8cc2edb83837748d8c9552d0feb84825ae6ab0b47b6e05a5
SERVER_HANDSHAKE_TRAFFIC_SECRET 12f6a9466c9c3fee6386bd09bb7914fd319296b1815756b5ce9ba76fcf7e1467 31c292ce1fcb924c48b4081cb997fba369663ee99128d2271632898b046419b1bb0bf50122d0a576c3704156aea172a2
CLIENT_TRAFFIC_SECRET_0 12f6a9466c9c3fee6386bd09bb7914fd319296b1815756b5ce9ba76fcf7e1467 de76621ed0693d16bdc952ed4e02350cae691d46490f3d62f85a4fedfbdda3175db768f83f2210f89543e6ab4880fb21
SERVER_TRAFFIC_SECRET_0 12f6a9466c9c3fee6386bd09bb7914fd319296b1815756b5ce9ba76fcf7e1467 b0dd06ded2fcf202237b35936f6fc07cf2b16063b34672b650b4d7899911d244c11698afba21a6ad9a558e67d2fd5ee0
CLIENT_HANDSHAKE_TRAFFIC_SECRET 09c9e4e861bb47941ab912f796c847560af524cc0360b62800fec5c87761e38f 4c1f6a9becb8ec5f014c4d689bfea7a8c52f54bd01b8f93fbf5626766983462123194d04ac5e1c8a95118df17b03e642
SERVER_HANDSHAKE_TRAFFIC_SECRET 09c9e4e861bb47941ab912f796c847560af524cc0360b62800fec5c87761e38f 1f8ab1dc641b1442ace527680773024413fa3c89de3fa2d52e93703145c93267577c14a75fafc5b9a5449a084a4e92c5
CLIENT_TRAFFIC_SECRET_0 09c9e4e861bb47941ab912f796c847560af524cc0360b62800fec5c87761e38f d2d92c4ff07616bd9405b7a1bb7a7060adde27e638f96f1c6a627989084e7a4c1dd7265542e040b1e2b45a1a256da5af
SERVER_TRAFFIC_SECRET_0 09c9e4e861bb47941ab912f796c847560af524cc0360b62800fec5c87761e38f b85296d0966c023d1f1cb5c91ebf66d33d4ed301ec09bfc852ffc150fe59bf7b6889c18702f7d047839bb6e889dccee8
CLIENT_HANDSHAKE_TRAFFIC_SECRET d11408b963530f8066f42f734b7704ae14d42fa48fb28ac4be4fecee4af44636 35554ae1b2247b15d425dae7a1b3ae7b66e872cf34169455a95a0fd2eb9890f966aaf049d9960f347a2b9c1fa36fb828
SERVER_HANDSHAKE_TRAFFIC_SECRET d11408b963530f8066f42f734b7704ae14d42fa48fb28ac4be4fecee4af44636 47cdf98e891132737880f38a838db5cc95f5d61a91c7e8388209d99f35b47703737e7c41c8ba0c09931313ca0255b0cb
CLIENT_TRAFFIC_SECRET_0 d11408b963530f8066f42f734b7704ae14d42fa48fb28ac4be4fecee4af44636 4722ea4f0c2e67821e0a754dbcd7d80c0066b68530f50b33a23fe3a32aabd4da41966f582a5e517ac7b4327996467e72
SERVER_TRAFFIC_SECRET_0 d11408b963530f8066f42f734b7704ae14d42fa48fb28ac4be4fecee4af44636 aaaaf26ad72e47db605ebfef94ad0406f9f3a57d1aa71526074ba78ac9e909c5afee48290415b0ce106523fedc4078bc
CLIENT_HANDSHAKE_TRAFFIC_SECRET f4cafcfd32b0518e5b725f76efa3753269162aa6a1467efef7d08c6779dcb1e2 85fcace3f62cc05f0dd0f2e40e4f29ef1e527bb84fa24357823accfb76eeb6ef11db63be5b5be9248b6ab06662b4e0e3
SERVER_HANDSHAKE_TRAFFIC_SECRET f4cafcfd32b0518e5b725f76efa3753269162aa6a1467efef7d08c6779dcb1e2 ad6ebfb88deffb87eacdcf9cadecf8fa1b68ea833597f4b0bd549967314bdd9eebc1eaaae196d4fcb86032d88b9d5007
CLIENT_TRAFFIC_SECRET_0 f4cafcfd32b0518e5b725f76efa3753269162aa6a1467efef7d08c6779dcb1e2 288bc80ee1970b6b535edcf28febdee8d09cdd8f3052a66c82ed2ee20933fda8c0cb386e258c487bc3813357feaae96f
SERVER_TRAFFIC_SECRET_0 f4cafcfd32b0518e5b725f76efa3753269162aa6a1467efef7d08c6779dcb1e2 b1692ef8fdd193bdb5c9ca7712af031c550c9faa5902c17b5c68b620df89c0eed65b82af53aced26e42e72b0aeb1f9ee
CLIENT_HANDSHAKE_TRAFFIC_SECRET 4e7e5d3e78a10d1271b8b1a1755b83bb6883cca96a21c26b31aa2100c341f346 78e4bef0ba5cbffc9075385a6673b2cd329525d2815ccb4bb08468db4e24f0741cbe4add218aeef63a676e986d4ef447
SERVER_HANDSHAKE_TRAFFIC_SECRET 4e7e5d3e78a10d1271b8b1a1755b83bb6883cca96a21c26b31aa2100c341f346 77e3822d752d9bd44cf5013e09079881f553cdc40b923834a46a68f6e544f1f06f1d3d653e8c02e2ff5b47ee8a4c2266
CLIENT_TRAFFIC_SECRET_0 4e7e5d3e78a10d1271b8b1a1755b83bb6883cca96a21c26b31aa2100c341f346 b91caf396937a5f7ca62c90ac11f122650ca9db20101754caeb98a7bedd219fddb637ce1aeaa9e32fed6b67ea6dc5f68
SERVER_TRAFFIC_SECRET_0 4e7e5d3e78a10d1271b8b1a1755b83bb6883cca96a21c26b31aa2100c341f346 59ff7d67e3b9fea9a6553da3e0305304008e088306212d925ab6698e8532ade31b9e32674aa53d55fb5b1ff659c1bde9
CLIENT_HANDSHAKE_TRAFFIC_SECRET b66843bf8b9d1cc81bc2885ffc2757a8c25e1f2133618db27ac6653324a363ff b4733d4ce705474fcf10cba3fe1274defc7b63ecef1ff75da76fb5ed57383c74d736065d4cc9043d8f92587d7a31e391
SERVER_HANDSHAKE_TRAFFIC_SECRET b66843bf8b9d1cc81bc2885ffc2757a8c25e1f2133618db27ac6653324a363ff 83c39e9a8a423c2c902e5be162578c63d5de1058239075898297f0552b7d49dbe3ca33b6a74a28a19177d9a1f2976489
CLIENT_TRAFFIC_SECRET_0 b66843bf8b9d1cc81bc2885ffc2757a8c25e1f2133618db27ac6653324a363ff ccd5ea6da0fce16246c5794cd2d0ec3ab0c37fc1a5b1132239fe2cdd43c3e3c55d91fcc1d8f84a8a6c451c58bf181750
SERVER_TRAFFIC_SECRET_0 b66843bf8b9d1cc81bc2885ffc2757a8c25e1f2133618db27ac6653324a363ff 45b94e3c2b66b29b9f8eeba849edd882952c0d5189a22018cdf664984f7d24651217d9c9fa8bbbd2c6ceea9e6166b6ec
CLIENT_HANDSHAKE_TRAFFIC_SECRET 080efd71ca2e50b7003a1bf4575fb29363f08ca686ebca8212909e86acb8657e fca7dc5b2b62384df08ec5b0ce68c319a676283179b3e5767306d130c656a3597c5f4d224792e6eb5d0a57f6b8b7b8d5
SERVER_HANDSHAKE_TRAFFIC_SECRET 080efd71ca2e50b7003a1bf4575fb29363f08ca686ebca8212909e86acb8657e bf1607e623c7e60eff4bdf319e4415fdabbac81c172a72f7f58ddfa53d7a75fec0f9281367f97dd1d75dd2439453118b
CLIENT_TRAFFIC_SECRET_0 080efd71ca2e50b7003a1bf4575fb29363f08ca686ebca8212909e86acb8657e 11427433971b276f5a6368ea36f751ac682607c0bbe6f034955aed193f4f3ea764575d6a1511aadcf7eccaa23dac9e8c
SERVER_TRAFFIC_SECRET_0 080efd71ca2e50b7003a1bf4575fb29363f08ca686ebca8212909e86acb8657e 76e15ddddc43dc9b1a59f76b7a19874510f239648e90d46d76141d64b738b34dd36800aa91cde5a9ede8d86d3e163271
CLIENT_HANDSHAKE_TRAFFIC_SECRET 9e9f3ad5c0cc57a250a7dcbe04ecbbd537a35788e6c28c5585117e7ea1734575 ca802de31cdf4a3e72034267b73f80a511ade5de0a7535dc20480d127059d2745535d1484c33a52cb07eef5e8d43c5a7
SERVER_HANDSHAKE_TRAFFIC_SECRET 9e9f3ad5c0cc57a250a7dcbe04ecbbd537a35788e6c28c5585117e7ea1734575 66a9d7857c02e98ccb5215db1a50ced7b7c5a86d5bf6711d6cf066788a8d8d0e6a2715ec67f85a1e8cb087af9e469ce7
CLIENT_TRAFFIC_SECRET_0 9e9f3ad5c0cc57a250a7dcbe04ecbbd537a35788e6c28c5585117e7ea1734575 064737ceca3cb8f543aab610908bce41678b4796fb302bbf8e6b4a4c35c577d9c787f9b6df3aedf82d77baf48d96fb55
SERVER_TRAFFIC_SECRET_0 9e9f3ad5c0cc57a250a7dcbe04ecbbd537a35788e6c28c5585117e7ea1734575 499e37c9077bc6aadcd37f8da6caf7ba360c474dcfa9e7186fe31447bf369dee1ddb68a0cb3292c0306a17f057f860d5
CLIENT_HANDSHAKE_TRAFFIC_SECRET f4c1d4bf54938c8c7b4941319fc4580b97f62db780df43da28d1c60c1cda99fe c51539000484a5898ea214676f55f04d5f9ed72a32645e492d129125843e850e571c2da34dc1a2c85ef45a09fb5cb125
SERVER_HANDSHAKE_TRAFFIC_SECRET f4c1d4bf54938c8c7b4941319fc4580b97f62db780df43da28d1c60c1cda99fe bd9338ae0a68d9addfb2e8037e1a636a4e6d44e0df30b70ed2c272d5e20ebaf64b44648bed5e38953f9520cd5c241753
CLIENT_TRAFFIC_SECRET_0 f4c1d4bf54938c8c7b4941319fc4580b97f62db780df43da28d1c60c1cda99fe 096ce3780c08fd758744249604d8a758c2a66ecc578c93d2f12bbe237663bef2df82d73a0329124f8d70365e7dec6589
SERVER_TRAFFIC_SECRET_0 f4c1d4bf54938c8c7b4941319fc4580b97f62db780df43da28d1c60c1cda99fe b281eed5ff23df6510090b2900f7081dcb36341560a233389eabb995e8dfa84153c50d7753a071ac4a93a32973f3aa15
CLIENT_HANDSHAKE_TRAFFIC_SECRET 6458181f6b629c5090d043f8e7e12b809d7ac3fafd9512011520b5d6c5c709ad 36f04b76dd77fb716d08cc1883d6ce002b94f0c6686bdbe28bd2d1fbbb89375308771eddc14477e10c8a075d47dec76d
SERVER_HANDSHAKE_TRAFFIC_SECRET 6458181f6b629c5090d043f8e7e12b809d7ac3fafd9512011520b5d6c5c709ad c5115f55eb668cdd7543a5fda8874e0ef4dac9b4e2935ead9b139ef6ccc044d521e58be7b4522fb004a9472c6d065ae3
CLIENT_TRAFFIC_SECRET_0 6458181f6b629c5090d043f8e7e12b809d7ac3fafd9512011520b5d6c5c709ad 486e6ea1f7a77f8c8e56e2b103a83ec40fcdd2e0f48a55d4bf1a906455e97ce52f190c568c7476555bc3a63d032fab69
SERVER_TRAFFIC_SECRET_0 6458181f6b629c5090d043f8e7e12b809d7ac3fafd9512011520b5d6c5c709ad 4cc946202484e42eeca5a4bb2d7fa1d05c7b7229159a02d029a7b865dcdb38dff3b0fc4e60766e85a5d9ee8ac3eb5c37
CLIENT_HANDSHAKE_TRAFFIC_SECRET d36370aab858d12ca16866e2a485bf93556ca13e1cb1338f5b1950cf1aaac849 a5485cd4312dde81c404fe381c7a9af4c8419496c9a9ab355a4f3fe1cba98eb4b4a225fd03f15d9c16bf0885c2bb82fd
SERVER_HANDSHAKE_TRAFFIC_SECRET d36370aab858d12ca16866e2a485bf93556ca13e1cb1338f5b1950cf1aaac849 c03cace6099d0e41fcc0cf7067d67ed5e1a6199e01caefce21991125994d1d89516e96b6cc1518ab8d1945a3b430b177
CLIENT_TRAFFIC_SECRET_0 d36370aab858d12ca16866e2a485bf93556ca13e1cb1338f5b1950cf1aaac849 f4948c9b8fd7e1ec3af2f4df8b625700645d9380fa6eae153b7fe257220bff7ba5503a6f3e8e130ca75dea4f14bfd39e
SERVER_TRAFFIC_SECRET_0 d36370aab858d12ca16866e2a485bf93556ca13e1cb1338f5b1950cf1aaac849 348672736e6128756c3dbaaaa90d7524cfba675c33ef4c1cb76424a00b0e76ee6a7070070e579b484121df8e42d60a7e
CLIENT_HANDSHAKE_TRAFFIC_SECRET 704c2caf1eaf77d2822736cb327fd6d813fe56899148cf7bac10b19de45b66de a9fc7b0f07573f147c78679ccec01a468660e3b543b4040d366aaba46049d305f7051782c1473d4559eedb7a23acb678
SERVER_HANDSHAKE_TRAFFIC_SECRET 704c2caf1eaf77d2822736cb327fd6d813fe56899148cf7bac10b19de45b66de 53a4bc8814645548eca6276a9a4fee7c0cda176447730eb5246b87d52a7459019276fdd7670810dc80f166aebf31dc75
CLIENT_TRAFFIC_SECRET_0 704c2caf1eaf77d2822736cb327fd6d813fe56899148cf7bac10b19de45b66de 5d6b2413f759d26a13f381caa6f5c1e1ff2d8f6d132d58ede7c07a64593f4ce5d7acef000d562ac97ab0d4b7af1599fa
SERVER_TRAFFIC_SECRET_0 704c2caf1eaf77d2822736cb327fd6d813fe56899148cf7bac10b19de45b66de 2e3dd2fdd64641412b6146141372640ef9337940ed616edd4ea2408b7ce93800b0f0b4634b45c641950c516a1719970b
CLIENT_HANDSHAKE_TRAFFIC_SECRET 7ebf00a7c476c1a9b2c2786b696b8bb6aee9453fbafd56c3d820e04b2ca41fa5 7bf29e2b00f122e703297e5ce016dd951bd37a45c462793f546c57971174abd1be3e48a62552a5a397d46b36541c95c6
SERVER_HANDSHAKE_TRAFFIC_SECRET 7ebf00a7c476c1a9b2c2786b696b8bb6aee9453fbafd56c3d820e04b2ca41fa5 15d3425c4f11db2ef81b7b43c7e1c58b5ce9afd73ef91dd43faa44fd8054e1d1db4f2c4a4e43af06aa59d4cc0b71553b
CLIENT_TRAFFIC_SECRET_0 7ebf00a7c476c1a9b2c2786b696b8bb6aee9453fbafd56c3d820e04b2ca41fa5 c181341b21d2f08ed25f9079636693c7ad38032d318cb0d22f21baeda91123919e31f34d0cb5b588d7c012b3e087a0d4
SERVER_TRAFFIC_SECRET_0 7ebf00a7c476c1a9b2c2786b696b8bb6aee9453fbafd56c3d820e04b2ca41fa5 6cfa8e6ddc090c6abf8333a3f4e0db2a6cdfe5ef7255d381893b35877707578545ddc1e9696b9b6733735d886ae46e15
CLIENT_HANDSHAKE_TRAFFIC_SECRET 8d2e94cba4bc8dafff1f3d66b5280ff896dacb24dd2669921ffff4150ff9b079 2f3592bf15385548ed5a2c0ad5fdf201bddb87c7a6593302a8c760cf7d792a44b96ebf452f976c782d7353c4a82f00c8
SERVER_HANDSHAKE_TRAFFIC_SECRET 8d2e94cba4bc8dafff1f3d66b5280ff896dacb24dd2669921ffff4150ff9b079 025fd5f4be703cef2fc13bea6aec091c686c8424fbc7b400bb88fefc7bfae2f4db7a74d5111ee8d56ca8e83f0f81f3bd
CLIENT_TRAFFIC_SECRET_0 8d2e94cba4bc8dafff1f3d66b5280ff896dacb24dd2669921ffff4150ff9b079 c68c24a2c2b492f4a66e4ef3fb17c696343d07cb58c6f4cc762d88221fd6fbdc01351d70b3fed955ba923d410f1c4175
SERVER_TRAFFIC_SECRET_0 8d2e94cba4bc8dafff1f3d66b5280ff896dacb24dd2669921ffff4150ff9b079 1c81b0eebf7d26a9d37b52f9a5e58674ba187e4e2c6b6722d1e108192501b18b62871d28840e7d85cbe706948790c058
CLIENT_HANDSHAKE_TRAFFIC_SECRET 394ebf1c757550717cf4e0d1c0501c3e7b6ffabff9a2a1c12be29f5585f42295 3cecb4f1cc7cdb1152897ea1d2685c4dd313ae2bf9eef7480022f7fc78530aa0fe92adca1d76015e4805e5ca32f987c3
SERVER_HANDSHAKE_TRAFFIC_SECRET 394ebf1c757550717cf4e0d1c0501c3e7b6ffabff9a2a1c12be29f5585f42295 d556e8a7a185398256c1ae943dd38df71861b12f4f0e9f346db81950f72f12e6f32bbeb9b2c2d573781a293e6e04a811
CLIENT_TRAFFIC_SECRET_0 394ebf1c757550717cf4e0d1c0501c3e7b6ffabff9a2a1c12be29f5585f42295 7aee8d466a0b9f1c75014819599734e661eec42780321412d754adea2592d29f171ce0d43825636217b142ec017f0cd0
SERVER_TRAFFIC_SECRET_0 394ebf1c757550717cf4e0d1c0501c3e7b6ffabff9a2a1c12be29f5585f42295 0f0488a2c6362ef9d8f4400de8fc8cebade6d5ba9e18c179b547fdb8edc81b45de701e6ad631c92640df12fd38a2c77b
CLIENT_HANDSHAKE_TRAFFIC_SECRET 4bb15ee44daecb67e2f3f0b908f3307e2039e61225cddcad68671220c0660bce a928b8640f0ebb87195185127b074eaccb79914e3eee7152bb6e0c15fcbed57319c93b3571c8646cc47ccb43836ad21d
SERVER_HANDSHAKE_TRAFFIC_SECRET 4bb15ee44daecb67e2f3f0b908f3307e2039e61225cddcad68671220c0660bce cf25f6ae3b170e482634e9bf1d6b1236d9aba8c8a6562f430a4f308460bc6662cf7c91368f013c9e337da8b6f30e4ebf
CLIENT_TRAFFIC_SECRET_0 4bb15ee44daecb67e2f3f0b908f3307e2039e61225cddcad68671220c0660bce 66a377d1c56a842518edda07dcbf6a65ec0723f21fe4a896692a8b0a07f13f2b0ccc793487c8bb23752cf6e887d351af
SERVER_TRAFFIC_SECRET_0 4bb15ee44daecb67e2f3f0b908f3307e2039e61225cddcad68671220c0660bce ea1f8739d66e93e9b4bf46580b94abd8acb6980ad3b6c9de60b480d3d50dd03e50d1c5f2c294e78c04c7a85dcc1fe73d
CLIENT_HANDSHAKE_TRAFFIC_SECRET 0916206d45c2efa9d9b4e8d49c9434009f72205f8558d2c4e4bca283f5255c31 a628367877b137b69f7522d85e77f44df09667fd8d0b189c20da947079acd02b391a5fb2a218674b33bf88c481ac84c3
SERVER_HANDSHAKE_TRAFFIC_SECRET 0916206d45c2efa9d9b4e8d49c9434009f72205f8558d2c4e4bca283f5255c31 560083be180326d6cfb8b2300209e87b1e88fc3ce98ba8d799bf926bfab205270210dd454324d128243373f2208173a9
CLIENT_TRAFFIC_SECRET_0 0916206d45c2efa9d9b4e8d49c9434009f72205f8558d2c4e4bca283f5255c31 f655e23217e88f1e7df0f4f38fa3a131287a3af14a38941767926f18af9f9719ac49b8187eb53c607edaedb8e1e1a74b
SERVER_TRAFFIC_SECRET_0 0916206d45c2efa9d9b4e8d49c9434009f72205f8558d2c4e4bca283f5255c31 70bd31c402ffce3db75b7c4f6b300f0e878313a3db80558353b3508de3295de3566592b2c1b50f8bf59bd8b6a0517fcd
CLIENT_HANDSHAKE_TRAFFIC_SECRET 5d60aeac73ad0f359ce2edf2956c8643572f24db539a35b029ace56cde232416 47790230c070992e8812eafcde32326d4f4ba85c12ccb51e5182be958a0d31c66e35e2064cf20145ef594e31a963bb10
SERVER_HANDSHAKE_TRAFFIC_SECRET 5d60aeac73ad0f359ce2edf2956c8643572f24db539a35b029ace56cde232416 dbfcee5a176db66cb956febf1e688aa54ffb958690129a0e42093516ff19a1721e8d724cabc561896fc715d82e3d74ab
CLIENT_TRAFFIC_SECRET_0 5d60aeac73ad0f359ce2edf2956c8643572f24db539a35b029ace56cde232416 b1d19dd60896a10244db2c0a45c226f3ea772e819e82d559c1fd44351b9ed32a2454b215e794faaa7b6b3ae866dbb52a
SERVER_TRAFFIC_SECRET_0 5d60aeac73ad0f359ce2edf2956c8643572f24db539a35b029ace56cde232416 8c1d38928ee3b552a696dfe56834c511e6d448d2939e48134424f0283b987ced17eef81ef58c5d383fcd32f0807359aa
CLIENT_HANDSHAKE_TRAFFIC_SECRET 501ba8dc66a564b9d8952b59b3c002c289935ac6fc82290c05715706e314b025 7a23dd746331f52f75c4d51712482f5bd63e9e39a5da919bbb8a398587061ac6353bbc61ff2113106ac799cad44bfb2b
SERVER_HANDSHAKE_TRAFFIC_SECRET 501ba8dc66a564b9d8952b59b3c002c289935ac6fc82290c05715706e314b025 6f7f16b9b8315fe02be24e986c53861dfbd3c6bf1ba1db9504ebf3a6284ea4d23de1eef4d629fa63b16370940ff16c2a
CLIENT_TRAFFIC_SECRET_0 501ba8dc66a564b9d8952b59b3c002c289935ac6fc82290c05715706e314b025 4167ef7cc1ee264082a47dd962298d7a3bcb66dc022fa166538f9a74a072bff51f7cf198d6347e448bc263b928ac9cd7
SERVER_TRAFFIC_SECRET_0 501ba8dc66a564b9d8952b59b3c002c289935ac6fc82290c05715706e314b025 6c959a5ffd3f06fcfbe112785e3edd523c6e1f94dd9ff4cc0404df2c96c55402fef85b517a9af6c4ccc03cefc29be341
CLIENT_HANDSHAKE_TRAFFIC_SECRET 54f5e8accf83bc049546d139756c04a2526a408ab1e78a310e558d87154a60c0 8b9cf82d7bfc16d6dd68a296988a5f2fb3c184e4ee55c1616df8adf83eb4d09ef75292b28adc7275c530e3518b89be3e
SERVER_HANDSHAKE_TRAFFIC_SECRET 54f5e8accf83bc049546d139756c04a2526a408ab1e78a310e558d87154a60c0 ba870250c8e5ad72297208ca66b4ecf8d054168b75846b0ef43b6b514573086cfb3bdc8eb21b740e9bcf4c3c2d45c70b
CLIENT_TRAFFIC_SECRET_0 54f5e8accf83bc049546d139756c04a2526a408ab1e78a310e558d87154a60c0 4392e2d72a63cd31a27aa959f4597f2ecd35d79bed56a09217b9895a6a9168e2d462aebe3081ef8a89bbad2535784580
SERVER_TRAFFIC_SECRET_0 54f5e8accf83bc049546d139756c04a2526a408ab1e78a310e558d87154a60c0 df3e9bfab7774ffb471a71460dcab1be47991af662045e1beffc12e0af766ecc9f9b8acdc67ee7445fa3f209f5573538
CLIENT_HANDSHAKE_TRAFFIC_SECRET f1f6301415ebc0588d63d1dfb26bf9a2a90b9b142f199b3f0110441d24a643d1 68175ec89fb76872dbef4195ca826b43ea5033b07d271c3e736c4f8764dd80e67505f4a2b4bd88c577f931a4be1f81b9
SERVER_HANDSHAKE_TRAFFIC_SECRET f1f6301415ebc0588d63d1dfb26bf9a2a90b9b142f199b3f0110441d24a643d1 74d8a94dfc1102dcd370eee540a73e2004846fee54acb29d8c9e3da770ece2f3e12af889c17efd55978f35dc2e1825b9
CLIENT_TRAFFIC_SECRET_0 f1f6301415ebc0588d63d1dfb26bf9a2a90b9b142f199b3f0110441d24a643d1 6ed481a3869442f0bc73b449c3560a7952d4f834431f9af59b7de572ddfe3870f506b8ab1c2c829f1ee0e1e940bfb6d3
SERVER_TRAFFIC_SECRET_0 f1f6301415ebc0588d63d1dfb26bf9a2a90b9b142f199b3f0110441d24a643d1 418b3a40da462187a0d42d5b469de3532cbae59a2ffa57e478f2ab40de92c4e54e1ce614dd32aaf17b06b9670959119b
CLIENT_HANDSHAKE_TRAFFIC_SECRET aae4c015b933885f3ce38e771380c6483ba4dff75793de1fd590d3c926888b41 fbec963109f41e092082536098b6054387d42ad2a42a7d3448cd5d46b1bc0f4301b00a8a0dde7a9a2e50f781690d11e1
SERVER_HANDSHAKE_TRAFFIC_SECRET aae4c015b933885f3ce38e771380c6483ba4dff75793de1fd590d3c926888b41 0fe1ee8f196181add84993f0eb0a32c4e91b45feb65e341c1d8f331d3713dd7bf950878009b96729bbca7403defc3dcc
CLIENT_TRAFFIC_SECRET_0 aae4c015b933885f3ce38e771380c6483ba4dff75793de1fd590d3c926888b41 60e73573c6a77ce6db1fa43d16690f053321fc199c8db7b1e06545b48f477dec388b4fbcd2218758e42780099959bba8
SERVER_TRAFFIC_SECRET_0 aae4c015b933885f3ce38e771380c6483ba4dff75793de1fd590d3c926888b41 5573e361ef2d4c3aecff89d68bd3cb699c1f2b2c5dc5329e32679947317f4c7e4b17f1e25d33598c806938ebbf8e2f60
CLIENT_HANDSHAKE_TRAFFIC_SECRET 345396e58896fd931c7f5a5eadaddcc154042f8f8efae6823ff3375de9b94417 034eca68f3e04e8ebe3b90384b2c12e7fc1739804719630691bd588f7920d9c3f19a064914852d1272661ece7d529b1a
SERVER_HANDSHAKE_TRAFFIC_SECRET 345396e58896fd931c7f5a5eadaddcc154042f8f8efae6823ff3375de9b94417 10967da3c4397f926bd20f88ddcbdf7b205a886e6342ee49bacda1c765f9b528ec7084737ae0a390830cf4e0e966502d
CLIENT_TRAFFIC_SECRET_0 345396e58896fd931c7f5a5eadaddcc154042f8f8efae6823ff3375de9b94417 f2e3672a14e2fcd6b8b9e614b567fd1a83e384db6339f9b8d3182d3090757cb25d38e0490a7013cc61a9d679aa287305
SERVER_TRAFFIC_SECRET_0 345396e58896fd931c7f5a5eadaddcc154042f8f8efae6823ff3375de9b94417 822982286879439b2c6b7616c366016482ff49715017543b11ba8ee7fae8a541853fdd1a258a8b8387c21024de906994
CLIENT_HANDSHAKE_TRAFFIC_SECRET 14c2a6f7518cef8a00649caa20d3a94440d98b5e84b6439b0a022560e778d684 1370c69fa2ab37d83e5f08a44f0747cbe5292889aa8e6ab4f56eac6027f85eb8414afa9a6137d04835f92d705c20378f
SERVER_HANDSHAKE_TRAFFIC_SECRET 14c2a6f7518cef8a00649caa20d3a94440d98b5e84b6439b0a022560e778d684 dd3e98e04dded342cd7756a24ff45cd0e42823b4bc76d2420c93b2c570becb2ab39cf2a7af4fef05e64a8472a36cd011
CLIENT_TRAFFIC_SECRET_0 14c2a6f7518cef8a00649caa20d3a94440d98b5e84b6439b0a022560e778d684 312e66b2bbba56fcbaee4d0a73bbe4c7e8edbdc32d48d6c2418dba7d9802ab1a1977c1684c953997d9c4309288c9d1dc
SERVER_TRAFFIC_SECRET_0 14c2a6f7518cef8a00649caa20d3a94440d98b5e84b6439b0a022560e778d684 88628656f30e46f449a163b6ffe9283db8b9f6f8fede7f481d1438d10317e091050bd1e1e5803c97f4891ceff750d2b6
CLIENT_HANDSHAKE_TRAFFIC_SECRET 185a9eefb8d1d274196d63e2b612b73c64735d0c6b00123e99e784c63ee8554e fbd19458be548389ab4c14a12966e01793712d041bffafe8514ba37443f13865f40ee534028c5bf3b74f624b66675600
SERVER_HANDSHAKE_TRAFFIC_SECRET 185a9eefb8d1d274196d63e2b612b73c64735d0c6b00123e99e784c63ee8554e f143288d61beb7b5e5c0ffd873492b00e6fafadbd2908b8bdee18728032c195c26021d3d8b7e0e972e1579374af11df0
CLIENT_TRAFFIC_SECRET_0 185a9eefb8d1d274196d63e2b612b73c64735d0c6b00123e99e784c63ee8554e 2dbdf05eba92130f6c76ddab29a6fb83e902c986b7d4ea85d63f7c292c2aa9b5609da8c6644b038b61672007c6e15d7b
SERVER_TRAFFIC_SECRET_0 185a9eefb8d1d274196d63e2b612b73c64735d0c6b00123e99e784c63ee8554e 8cd07004b3babef7fc6cae7aab08380bbcbee954d346cd8e37ff91baed08bde0b1a364f334f1d9c42b5e0b64c976b784
CLIENT_HANDSHAKE_TRAFFIC_SECRET e1d455d7ffdd87f6d7d926eea1214746452959f511deaa205e370a27087b2a55 2a154fa36b5d60bc4f999292ad322dae287c2babca496f00044e8acd80132c82a988a55e9fc22563cd515736168f469e
SERVER_HANDSHAKE_TRAFFIC_SECRET e1d455d7ffdd87f6d7d926eea1214746452959f511deaa205e370a27087b2a55 c31a256938548d640c73bd1bce84f3c3baaaf0b7afdd070cac90ee34873d7d7bcc82895105ebbc8391a5b0df8dfd607b
CLIENT_TRAFFIC_SECRET_0 e1d455d7ffdd87f6d7d926eea1214746452959f511deaa205e370a27087b2a55 0c72f97c49aa5198c14949dd3c443adc6b30d426d986d8c16d23b91a6cb5d9149fc2677592e65b3cbafd4dbb085c702b
SERVER_TRAFFIC_SECRET_0 e1d455d7ffdd87f6d7d926eea1214746452959f511deaa205e370a27087b2a55 87052fefd05c7514a15c708bf1d43ed9d43526566f922cac01c3d16e798a2076affc950b5d064990a7e9d393360ada84
CLIENT_HANDSHAKE_TRAFFIC_SECRET 33b7bbe824b5317cd866382425317cccdea49edb08b719f0367b4d4632cd17b6 6c5f0a72bc07c4e1719b8f6ad1a2599e23b16ed5e5438bd150383a0f6016bd1847d070dbabff3df14e6e79fd31debd1a
SERVER_HANDSHAKE_TRAFFIC_SECRET 33b7bbe824b5317cd866382425317cccdea49edb08b719f0367b4d4632cd17b6 10ff3fa804a61c9faa7488baddf8870e7343a3a0795790ccfa226a997ca0b4633517d5c0ab7b81d168efc1163579f765
CLIENT_TRAFFIC_SECRET_0 33b7bbe824b5317cd866382425317cccdea49edb08b719f0367b4d4632cd17b6 f43837150f6f318fdf40a0ddd042c21808adc5177618ca707689830b2afdb956a039db26a7cdd562a37c1fce8be2e9f7
SERVER_TRAFFIC_SECRET_0 33b7bbe824b5317cd866382425317cccdea49edb08b719f0367b4d4632cd17b6 c5bcb5252ed90b770033bf2802d2784f234c999098e3d610bec9af025d17b47ce78cd86f6faabb96bd7f99918bab6303
CLIENT_HANDSHAKE_TRAFFIC_SECRET 827bd8a9b8595c001fddc69dd64e902c8d1e06d91f3238b81c970d77e43a64f0 99f8f890d563223773387ef6e351affba71692de55ae45e68e5251f80c700b856f3716e5411631d54b810a2e5ad77056
SERVER_HANDSHAKE_TRAFFIC_SECRET 827bd8a9b8595c001fddc69dd64e902c8d1e06d91f3238b81c970d77e43a64f0 e0512a5f310181af9e6ab2b1e5689025ce3725055c2e689b23d7f24a82981306c7215850d7973d4b14d72a923b939123
CLIENT_TRAFFIC_SECRET_0 827bd8a9b8595c001fddc69dd64e902c8d1e06d91f3238b81c970d77e43a64f0 2b23438cc773d9b376e03174f37553671d87ff7e9c60887e18d0be693ec498675a8a62bac2d293f7856608d6ee30eb23
SERVER_TRAFFIC_SECRET_0 827bd8a9b8595c001fddc69dd64e902c8d1e06d91f3238b81c970d77e43a64f0 a1f831d569ad7be8dcf3957ce764853a7efb1c2fb10f4bf6d5a0404204114a3a3101e7298152aa39669d49df4c455ad6
CLIENT_HANDSHAKE_TRAFFIC_SECRET e5b98fcefc0508afe4cdd053832466dd853c14c9bd5d564a89a8908f456c54cf 8e9f881e920c186111c02ff3b9ea5618c2177413cd824eee1def3aee9e484be6dec170f331b4523eb23633c66b23730a
SERVER_HANDSHAKE_TRAFFIC_SECRET e5b98fcefc0508afe4cdd053832466dd853c14c9bd5d564a89a8908f456c54cf b0cf1a764f9119623c372ca882e4862b54124cbc17de6bd242842b12f5fb000f5b7e403abce35a87654e8191b8100410
CLIENT_TRAFFIC_SECRET_0 e5b98fcefc0508afe4cdd053832466dd853c14c9bd5d564a89a8908f456c54cf aeb0d3d342d05d21ac2e2441143cfd647f617f25512378b81684d4dfe5fca3234f0136a2b2b38a59b2c6f1accc765b91
SERVER_TRAFFIC_SECRET_0 e5b98fcefc0508afe4cdd053832466dd853c14c9bd5d564a89a8908f456c54cf c187a5168b5d50de017db4901100bc54ef807ec476ae1c57f0c0919719a0a95f75dab493c945b91d0aaa0c210fe5eea9
CLIENT_HANDSHAKE_TRAFFIC_SECRET 2348a939099ba656a220f134aeb38fe1d108908796a96584d3ac3cdf227d1cf1 4783f05b39004224c921efc0aab30e1dda23824dcba9691f324b3d9902ff8bd6ac996cd9473680364f000e2ed32d4958
SERVER_HANDSHAKE_TRAFFIC_SECRET 2348a939099ba656a220f134aeb38fe1d108908796a96584d3ac3cdf227d1cf1 0c6b2eb68bc22ebdf265dc5554235369a730cebfac947d5ea08402331b04d2abb6917a4ccee58d29bc9612e56a904011
CLIENT_TRAFFIC_SECRET_0 2348a939099ba656a220f134aeb38fe1d108908796a96584d3ac3cdf227d1cf1 6df5a5cfe5990dc1bc0d79cb66366a7bddb3a9ba20e64269a00887a50445f79aa21c1ab97cdd5291486f1fdcd4249105
SERVER_TRAFFIC_SECRET_0 2348a939099ba656a220f134aeb38fe1d108908796a96584d3ac3cdf227d1cf1 f899bbb58e8e9a885a68807b155e556f4d7cf5fe7a697f98eb5da821f407f9335879b3f40ffdd609c6b33fe019c43897
CLIENT_HANDSHAKE_TRAFFIC_SECRET 90b0b09160432fdfa0bcef48759fddff257759bcad6cfcfd94daa5748800625d d61834e75011123c5a0d2e2e8c6bd40f814b96d70b28db2b99aa952d81efb7a571105174de79264f155a953eed36671d
SERVER_HANDSHAKE_TRAFFIC_SECRET 90b0b09160432fdfa0bcef48759fddff257759bcad6cfcfd94daa5748800625d bc158113e815ee538fc970a5acaa7685cc48765858a1c913fc6f99846965360904f95ee0d11c9a19b488930f11b15830
CLIENT_TRAFFIC_SECRET_0 90b0b09160432fdfa0bcef48759fddff257759bcad6cfcfd94daa5748800625d 97ce0a95999fcd0349c1bc67c48b251205225056fbcecdfedfccb0636b651ef963f79188f1ca6fa85e3779d01428d145
SERVER_TRAFFIC_SECRET_0 90b0b09160432fdfa0bcef48759fddff257759bcad6cfcfd94daa5748800625d c3814b3f755c016a68d9b76b6b833e5bd07abf7d0947959a1bee86911b417720f29ed3eae6b4171e066c491c8835f483
CLIENT_HANDSHAKE_TRAFFIC_SECRET 2d74a8fb0888c11c540b2f77ce5d971483c4d349aeb18ae39087b5dbbcca0364 7005699820c77db47d84d4ba97729e75d31640a5e899fa25dde43e4e58b4aac12074b156cd40beae98af3dbe933d1cae
SERVER_HANDSHAKE_TRAFFIC_SECRET 2d74a8fb0888c11c540b2f77ce5d971483c4d349aeb18ae39087b5dbbcca0364 1bcf7443f571ae0bb22187f822acc4ccf887ae32096774986fef3064258a777d45a8894c566a45ba05e09f325c38d03f
CLIENT_TRAFFIC_SECRET_0 2d74a8fb0888c11c540b2f77ce5d971483c4d349aeb18ae39087b5dbbcca0364 1ef923f5abcc3d180ccb3bb61f7b7f89fb9e8b9f1fc040fd39a05a7afc496e760955fee0972be2aec5118cbd50dbe718
SERVER_TRAFFIC_SECRET_0 2d74a8fb0888c11c540b2f77ce5d971483c4d349aeb18ae39087b5dbbcca0364 00b85f78fafc46b244c353f16b926e12a5869b36110b6aedab61828f96806fc8fcc271c68f40a6a7b315476ce7dd7f40
CLIENT_HANDSHAKE_TRAFFIC_SECRET 08985f073c583015bc5820c2cae830ce78b67d2d6c604c53e41b0886eff8adc4 e28ddf143fa0ef86ba4e5530760aafb049bb228fc2b16973d2dd3a8b8f2d1b722d64bda0cb2befb6ffcb4af8b55f55f0
SERVER_HANDSHAKE_TRAFFIC_SECRET 08985f073c583015bc5820c2cae830ce78b67d2d6c604c53e41b0886eff8adc4 a67709d27e13821168c2362af8eff877becc0fe7398cd1a720829d32542b043c08eea9ea428af63f2646a9cef6a7889e
CLIENT_TRAFFIC_SECRET_0 08985f073c583015bc5820c2cae830ce78b67d2d6c604c53e41b0886eff8adc4 484f7351aa2b46e622beb1e9affe525b736dd90b88ff524e9bce58bf8d5b39372010905fdd8622b4acccdab377c6f3cd
SERVER_TRAFFIC_SECRET_0 08985f073c583015bc5820c2cae830ce78b67d2d6c604c53e41b0886eff8adc4 df1cffb2966f11c6fdbb3533529ea024606f7211e2d02d7f3fb05de0586ab7824161e15f0de64e3e45eff5bc7d07aec9
CLIENT_HANDSHAKE_TRAFFIC_SECRET 955b5cfcbd503400c5cae62ab7414c117419e799a92137e8cfff1c3cee3c0621 637d8e8cd3d2316f65ea296a754a84da0d532057d742c250e79ce92069f31e66bff241122e7983dd1bcb76efff024dc3
SERVER_HANDSHAKE_TRAFFIC_SECRET 955b5cfcbd503400c5cae62ab7414c117419e799a92137e8cfff1c3cee3c0621 44c5878aae932608fc88d974009c7dc98198c4b7e28a1efc1033acf25fb2048236d45e5c02ac55844df58856e0f2a9d5
CLIENT_TRAFFIC_SECRET_0 955b5cfcbd503400c5cae62ab7414c117419e799a92137e8cfff1c3cee3c0621 01ad55072bc86217275253cd3eb6a0ca8c2e2b349ad3766ad0bfb083c6fc44e82d77438ce56ab8ace3bb1068c476a699
SERVER_TRAFFIC_SECRET_0 955b5cfcbd503400c5cae62ab7414c117419e799a92137e8cfff1c3cee3c0621 b6e074b00cf1bb83ad5a57978cf25386e7d8ab1269fff2836df2bf61493e9069da2c0b500e56631d0ccf83ceeb5cd0ad
CLIENT_HANDSHAKE_TRAFFIC_SECRET 88ab9fd28903bdc2b0191abe7b5ff9b6b640505d19a81e10bef77da3783c5ecc 22a90a696ad914b4034e67b03e0d7eb8e156c789397f9ae25c9a337f03ba34f111709cd9efab8f34310bf238adf08e1b
SERVER_HANDSHAKE_TRAFFIC_SECRET 88ab9fd28903bdc2b0191abe7b5ff9b6b640505d19a81e10bef77da3783c5ecc 73fa9c8f444297345bc2dfd2c6b8f5c7d7b5f96fde1834ce4ea861cb84ac0290ca4afa817a17540cb7aae26a763c2228
CLIENT_TRAFFIC_SECRET_0 88ab9fd28903bdc2b0191abe7b5ff9b6b640505d19a81e10bef77da3783c5ecc 36d3cd7db68e2b3e12f1f982fa8d40078c0f16ecb1837c64f16c8c4f624e88efd5b6ed143342444dc400853291c6cfc5
SERVER_TRAFFIC_SECRET_0 88ab9fd28903bdc2b0191abe7b5ff9b6b640505d19a81e10bef77da3783c5ecc 2888a749b32d032b6a15448c15fdb816de1f10f1a568e896faa5e43b0b886aa2b3c0e1101df76a1ceb641cdd4b06c16e
CLIENT_HANDSHAKE_TRAFFIC_SECRET 6152334c1081a06c03cb79d035d0eee1cb8e1c38b5a27e13c5b8f9b2120aa055 d7cf393d5462d35216806874429476aa7f7975b686ce956449c69975e0e27339acd3d971405b38b5104d4785fd1ce0cf
SERVER_HANDSHAKE_TRAFFIC_SECRET 6152334c1081a06c03cb79d035d0eee1cb8e1c38b5a27e13c5b8f9b2120aa055 af323a0a1181d11b21dd5cfec3e2eddcc9b4dba1e1bbda42c7cd707a1cb260790c11c4265bb8b7b354ddfc209b2a8914
CLIENT_TRAFFIC_SECRET_0 6152334c1081a06c03cb79d035d0eee1cb8e1c38b5a27e13c5b8f9b2120aa055 1e52f0b8c77a491e12c8b4010472bdabe4bb3a23d161bd9abd14a66bbea61dc10bff54129f27443c6486b632eeda9971
SERVER_TRAFFIC_SECRET_0 6152334c1081a06c03cb79d035d0eee1cb8e1c38b5a27e13c5b8f9b2120aa055 58ceedf3edaddac4fe87099ef45a4eedf712c4ebdd88d5ca7812193919888e4432f8940fda09d0216aa5f49ecac75811
CLIENT_HANDSHAKE_TRAFFIC_SECRET 4f189fcb2dbceea58457a71b162e9d0559082e0180d37a75ad425b985236c5cc 6b724e47ff5a15d1a31d37e0b825c7c7169515c1f1c27c1789e3c57d8cdfed351d37a46ccaf10d7ac60368a485cc5802
SERVER_HANDSHAKE_TRAFFIC_SECRET 4f189fcb2dbceea58457a71b162e9d0559082e0180d37a75ad425b985236c5cc 0a30b0d686c552cbb6189bea24ca6184be880d4f36ea77832d2edaae318cf3ab192529501809483f122fdc4927d5609f
CLIENT_TRAFFIC_SECRET_0 4f189fcb2dbceea58457a71b162e9d0559082e0180d37a75ad425b985236c5cc 86deee7cb16cd263e98ce8b7c01646ab3b80e28f351ff0b564f59d2a81ea4cb868800e851e057523b84b36d512dd52c5
SERVER_TRAFFIC_SECRET_0 4f189fcb2dbceea58457a71b162e9d0559082e0180d37a75ad425b985236c5cc 33faa03e95073f568830dbba578b46ecc4d8e37d9126d6d1e7c1f51eb968e549b20e306d06be68a400387389040ce99f
CLIENT_HANDSHAKE_TRAFFIC_SECRET 1bb25dc42a25b97aba4c2bb549bd0cef551597ff54a580f69344c1fb7dd05479 b80c46e78f6a1d87a3e6c64ade8858c23d908d9229e80ec5df7378a194648f18cfde9cc82a9ffd200e28e86b69f004c3
SERVER_HANDSHAKE_TRAFFIC_SECRET 1bb25dc42a25b97aba4c2bb549bd0cef551597ff54a580f69344c1fb7dd05479 28e186c03fde47dc3699b1166cb055dba44e87df0d9e02fc57387cf4cf719931c7df90c30bde5077064c2993f730c6c7
CLIENT_TRAFFIC_SECRET_0 1bb25dc42a25b97aba4c2bb549bd0cef551597ff54a580f69344c1fb7dd05479 3e901b21c6b3a1f8ba9a60e1a87a3a17d8b082c45eb4b6e69930b697fd6eb78a8a2f8ba7751200f0098654592212494d
SERVER_TRAFFIC_SECRET_0 1bb25dc42a25b97aba4c2bb549bd0cef551597ff54a580f69344c1fb7dd05479 6584d39ffc508624b4e4ce946f6c8838bb7cc35b21eed0f0e4a4f5231f4c2f16592c091da9a30baadbb4a8a6866970fc
CLIENT_HANDSHAKE_TRAFFIC_SECRET b627f7ec0fa29143be41196f5be9ccd4632cd6c33c92e7701364168226e6951c 45654ebce411673e30d00631425f9fef191374102882aa90ffa4366f59773113c1da376ccef019dce2078ada8941cf2a
SERVER_HANDSHAKE_TRAFFIC_SECRET b627f7ec0fa29143be41196f5be9ccd4632cd6c33c92e7701364168226e6951c 7477e2a9d3e1532e05e0ab2206d347c92c0aa49383cf8016ffe668c8d4c0ed3cc5ca27dd1da25687bbd781c9dacdb4fc
CLIENT_TRAFFIC_SECRET_0 b627f7ec0fa29143be41196f5be9ccd4632cd6c33c92e7701364168226e6951c d9111736f003a26742d8d65634351f5265de5db7fb5a354fd6af80294d04f420f4bb8d00a611ff62687bbef87d1a1f2d
SERVER_TRAFFIC_SECRET_0 b627f7ec0fa29143be41196f5be9ccd4632cd6c33c92e7701364168226e6951c 81ed259929d11be7bf13f7502b2dd12518c3b13bfc25a6d79221cc846de3f00df52ec31b076709fd6d7c9cad67ce274c
CLIENT_HANDSHAKE_TRAFFIC_SECRET 2c0b4a27fe9f277777442cb66b9045bc4071e7f47a0031fa0828d32afc16b335 5d369ed666e21cb7a38b65f2284559b6f9fbbe09a6d58c7df42fa5baddb014d1e314b6f2145b4db0315bdf94f6afbe1f
SERVER_HANDSHAKE_TRAFFIC_SECRET 2c0b4a27fe9f277777442cb66b9045bc4071e7f47a0031fa0828d32afc16b335 9e5a6bc2437ff14e07b13088355dccfd41676c8c41d2e9b7669a9a0ee972f0407017224983d73d4f192faa0611a04bf0
CLIENT_TRAFFIC_SECRET_0 2c0b4a27fe9f277777442cb66b9045bc4071e7f47a0031fa0828d32afc16b335 9a74c4b6f694773ef5c5f8292e6c652112ed73e7ebdac61307bbb88ce92fe8187454643c92c0e404fbc7fa6b3336a787
SERVER_TRAFFIC_SECRET_0 2c0b4a27fe9f277777442cb66b9045bc4071e7f47a0031fa0828d32afc16b335 75866a21a4631b79582a09d256e1a8e9c75135d11391d34f6c26d64f3cfeaf21460b3e9a54609ce6cfbd91bcc0dfa806
CLIENT_HANDSHAKE_TRAFFIC_SECRET 9cc6b9ebaf4c2a208ab799a97cb2213be36e5c7fb5ff4bb71b9ed0710bdb9c98 75dec04f00742d733f408fc1bef942a7f105019b58b58b81f93578e17dca62a2f2f67341f0504e07408d0dac82040333
SERVER_HANDSHAKE_TRAFFIC_SECRET 9cc6b9ebaf4c2a208ab799a97cb2213be36e5c7fb5ff4bb71b9ed0710bdb9c98 9e0cc2edc88b1dc83702ccb1893beb0b514137eaedf08a4c121b2044aebd5367dae485b9b03b1f11b0b49a8ee59961ad
CLIENT_TRAFFIC_SECRET_0 9cc6b9ebaf4c2a208ab799a97cb2213be36e5c7fb5ff4bb71b9ed0710bdb9c98 32b9ba332f34958ef2e89199e784781b53a642cddb43cfe8d5a7ac68a3fca41eef7e7c9f876bc74fb7e2e330e8f77a00
SERVER_TRAFFIC_SECRET_0 9cc6b9ebaf4c2a208ab799a97cb2213be36e5c7fb5ff4bb71b9ed0710bdb9c98 bf9cf84782cf31d14a834a8419b54a1c4e64cf57c496e768f65b4084b840e8701c9d9e0bd3c260298f93f12e0ea48fcb
CLIENT_HANDSHAKE_TRAFFIC_SECRET c56a0f5f2426f2249d582e2144754bbf42e19090b9602e401235c0cf7b285fd2 11407160daf1b3a9183e86d58c87e4fb679158aa1c10285e0d3a697e90278b37b9bd790765cfc600f8a7257e21c8f2cc
SERVER_HANDSHAKE_TRAFFIC_SECRET c56a0f5f2426f2249d582e2144754bbf42e19090b9602e401235c0cf7b285fd2 ffd143402ceafe0b6c6dee01428c70e75632abee75adc8c269a29f1b40bdaf422b0dc3bf87a01fb467d5db409f1adb06
CLIENT_TRAFFIC_SECRET_0 c56a0f5f2426f2249d582e2144754bbf42e19090b9602e401235c0cf7b285fd2 32e1929a428081bb18839cc0606b508af65dbb0dfd120b87a237d59f192ef0a0010f5ae778248dce56d13f97eb7d2423
SERVER_TRAFFIC_SECRET_0 c56a0f5f2426f2249d582e2144754bbf42e19090b9602e401235c0cf7b285fd2 ba8dad60ccdc2444ce922a56f644472371f1805c9b250388a60a1a3e46973d7431866f0d08221bcaa4c8b714f2315a67
CLIENT_HANDSHAKE_TRAFFIC_SECRET 37de2972c0a629c3765d718f99763cf24417a9602eb4d8f9339349b81158844a 16101ed95819fdb5a943919f4de91b0e48eeec55459e623e3309d613f026b4d33aa73008c90b17534ff462cc3d0ca10a
SERVER_HANDSHAKE_TRAFFIC_SECRET 37de2972c0a629c3765d718f99763cf24417a9602eb4d8f9339349b81158844a 108e832ddf887a7236b2e3b5fafd8fdf7ac57ff1044903ffaacebd3d1c632e87ba5857a40e72b425eaf551724ebee613
CLIENT_TRAFFIC_SECRET_0 37de2972c0a629c3765d718f99763cf24417a9602eb4d8f9339349b81158844a b3202e785af4d083876a54e4cf88939a6d430d5f227c41d899f06a1839bb3cdd3714257252c11f2b07d3641b1d2d191e
SERVER_TRAFFIC_SECRET_0 37de2972c0a629c3765d718f99763cf24417a9602eb4d8f9339349b81158844a 87453950d693f09be9ed049e84aea49d94ba6d32a0cfee18c6a86ee2a93d664168a98426634647f581a3923206bd40eb
CLIENT_HANDSHAKE_TRAFFIC_SECRET f849d562831a8aa452e82901e878f32506860d94cbf4abfbe56d30af215dc544 9128cf77f9a9dc0968394f7eb40040dd186fa54e920954ad62f111049a261ac4417f213ad5632fd25447ef26f033b5d4
SERVER_HANDSHAKE_TRAFFIC_SECRET f849d562831a8aa452e82901e878f32506860d94cbf4abfbe56d30af215dc544 8a91b1c0ed91f6e16232ad960a9ce6677169f178f968af439e71189733764378aa80ce4bb9f23d24c8a4797bbce63822
CLIENT_TRAFFIC_SECRET_0 f849d562831a8aa452e82901e878f32506860d94cbf4abfbe56d30af215dc544 7533748661064afcbff3862ecafbe75a349e25c7694f1123deefc70e23a0562f001598129c93cc707a20516433660149
SERVER_TRAFFIC_SECRET_0 f849d562831a8aa452e82901e878f32506860d94cbf4abfbe56d30af215dc544 6a681b34db84a6fec458fa8682ed06d42e60c10d702401b17c8349d6bf17b0f9f75cf96a3f206e945a12e769a28677b6
CLIENT_HANDSHAKE_TRAFFIC_SECRET fa6ab1ea99a622d31c197e08dd127169b3a6927992680d4679813435d962f485 495abcdaff9a5cff50d6d37b2d0acf979c2c69683a944b375c8835691339b9007baaefaabf282c03ba2e45310e448a91
SERVER_HANDSHAKE_TRAFFIC_SECRET fa6ab1ea99a622d31c197e08dd127169b3a6927992680d4679813435d962f485 d636e1f5b1f35a88c4309341543169f7dc9b25bd21bf36aa556e00f6a8d6d18281883b1e8a8ff2a13a8e2ab2222df7b6
CLIENT_TRAFFIC_SECRET_0 fa6ab1ea99a622d31c197e08dd127169b3a6927992680d4679813435d962f485 6bc5b8f7eb23b4ab6e857692707ca727700e6c67708d143e8bb1ab34fbaa2698b3856525019f162c56f0a653977dcb44
SERVER_TRAFFIC_SECRET_0 fa6ab1ea99a622d31c197e08dd127169b3a6927992680d4679813435d962f485 fefe15b9672900ee31474f374c3f335dec21f8aea9a46836feced0b2641d2ef0781abfca4f23660749685ceba54923c4
CLIENT_HANDSHAKE_TRAFFIC_SECRET bed0ae3484adc83271347b9b939964c607eb843743d33a36593056cb786a4fe2 fc11b39573e2e60e9b5d0ad8964838c636cafd285a4469cfcce1dd2f8e623ead7d88d6f752ae162ce6afc9d108be1dee
SERVER_HANDSHAKE_TRAFFIC_SECRET bed0ae3484adc83271347b9b939964c607eb843743d33a36593056cb786a4fe2 92596f4d02906f8e334b7bf5600d3a31e0f47e5460596a70fd43e46f4a7753fdff0aca88709e32d6696f9b1c76a09f52
CLIENT_TRAFFIC_SECRET_0 bed0ae3484adc83271347b9b939964c607eb843743d33a36593056cb786a4fe2 b7f8d6569ec6821f0825dcfce97ebd7d0cca6d04bcd036e4134fd07d9588a74ff79cd70a587d106704ffa877bb7adf87
SERVER_TRAFFIC_SECRET_0 bed0ae3484adc83271347b9b939964c607eb843743d33a36593056cb786a4fe2 bb7b2d4375d2a145a2e7214436094ede7c01c8007b1a86bdf2187d206923fdd65e40be91d47ef377d45c644c28fd6840
CLIENT_HANDSHAKE_TRAFFIC_SECRET b62b3a245ffdc0d376c509db629e88d37f15b46467f6902d60c848b219138eb8 428116330deb843224f6570c2515bee3202d9e74b813dc8e876ee564e2ac985deaa2113dc8cb962f12012f24ac0e3f4e
SERVER_HANDSHAKE_TRAFFIC_SECRET b62b3a245ffdc0d376c509db629e88d37f15b46467f6902d60c848b219138eb8 dfe836b86bb3d98662e5720e0b14d8c7b5ecbc758b8d4964b7c59bd3cef0cc2bacd0b1235130c6908e11a59c82d78214
CLIENT_TRAFFIC_SECRET_0 b62b3a245ffdc0d376c509db629e88d37f15b46467f6902d60c848b219138eb8 b5cd48b38ab952e58007d1dfdb3be205781e919bd3683146e4582766e81afe287ae96d018d30e3ffb8bd562f6cf3fdd8
SERVER_TRAFFIC_SECRET_0 b62b3a245ffdc0d376c509db629e88d37f15b46467f6902d60c848b219138eb8 9a4100df0c1a5efc1be5561a6b90d5f45a8378c782a43b204a595a0db949d0a20fff165deb4deb537658f12bbd2c19cf
CLIENT_HANDSHAKE_TRAFFIC_SECRET 1740b5028a1115e8bfc9798bae117893a2455bb422ce80523d05e1321e353320 dac04924174343c7b9678b29c2ad3f034a77fca023cdee8400ae6010fe401c3429eeada4e4502d0f164a24be896d58a3
SERVER_HANDSHAKE_TRAFFIC_SECRET 1740b5028a1115e8bfc9798bae117893a2455bb422ce80523d05e1321e353320 d6c1c17750f0c7a2c510c2da2cd20c259bf658db53ff721fb07bf103e47f9f4f9e2e6db769c47ffb0d8185ee29824e94
CLIENT_TRAFFIC_SECRET_0 1740b5028a1115e8bfc9798bae117893a2455bb422ce80523d05e1321e353320 542c1b4d791406d65570767df79fac1763fe591e9a6571bb39185f1823d232dd4031b113b1bd57d869f74f6d4fc28726
SERVER_TRAFFIC_SECRET_0 1740b5028a1115e8bfc9798bae117893a2455bb422ce80523d05e1321e353320 199b8772b5906021dbc675ff9307a9fae6556c4fce37a66f330eb9531eba4c36cd62478d334896f491eb34881f3dbebc
CLIENT_HANDSHAKE_TRAFFIC_SECRET 71ad2867de4ac9be75afd464218c4a05ef8943f9c40196ce9ea0a18c605859d2 381f61765bad87c322cd71adf512e14fa11db760fba05478d529547b22f7b43b022038c9d7827718fde2cc4170338612
SERVER_HANDSHAKE_TRAFFIC_SECRET 71ad2867de4ac9be75afd464218c4a05ef8943f9c40196ce9ea0a18c605859d2 76bba7ffb512f27ac309ac0a81145e1fc589bea444bde72b733344661f219a5b1f2459f35fb469e113e8d92199ee1b1a
CLIENT_TRAFFIC_SECRET_0 71ad2867de4ac9be75afd464218c4a05ef8943f9c40196ce9ea0a18c605859d2 cbb3afc51233ca386753e66e39c635420b1bddad4218b8c3cbaef58bbe42f21e2dc48d4a1c00f24030e9d45f62f6608f
SERVER_TRAFFIC_SECRET_0 71ad2867de4ac9be75afd464218c4a05ef8943f9c40196ce9ea0a18c605859d2 0700e83fafe3d98e4ee3bbfceab17f8232fc48c763db0fce5e26c6cfc869b3bd91568156d1d9ae7109d197d88b115342
CLIENT_HANDSHAKE_TRAFFIC_SECRET 099d2624ee10e2bb7ec877e7080791abb0382d3401c89df8c6c1d0061e74fc59 55e1cfd4affde062588ce2add8e2e26838a656e7d8c023ed541b74c8ff784422314a1b3966cd2c52488d38401dca77fb
SERVER_HANDSHAKE_TRAFFIC_SECRET 099d2624ee10e2bb7ec877e7080791abb0382d3401c89df8c6c1d0061e74fc59 02cfa2726f63e2d39b472380f2ed398b6b41cfd6e060125aeb7e2b411c8a77fd4a34ce4b086d1a1e98c830726e89dcbc
CLIENT_TRAFFIC_SECRET_0 099d2624ee10e2bb7ec877e7080791abb0382d3401c89df8c6c1d0061e74fc59 bf964452449e1b59fd6ce1f69a61a15a2524767d6d2e62714593a060bf509e56890f1b950082ec71f9f4abf4c90c2bb9
SERVER_TRAFFIC_SECRET_0 099d2624ee10e2bb7ec877e7080791abb0382d3401c89df8c6c1d0061e74fc59 b3348b54c3ceeec5ea019726619700af612f02dceaa70f9df7a70f2c4de10bdce96cb8f5b911471016a94e0b21bcec08
CLIENT_HANDSHAKE_TRAFFIC_SECRET c210075a1b862b06198739bd62edbda125f11c94f1cbf0dc9f179d3303ab1947 377805ab07b897adbe9903c63c9a5c3b58e5b9c35443299328d85048b2d6290ea5c6cb9d72ac0a418e80e4f62e1c838b
SERVER_HANDSHAKE_TRAFFIC_SECRET c210075a1b862b06198739bd62edbda125f11c94f1cbf0dc9f179d3303ab1947 4405fa6f1b91bb387cd40ceded419a5a3f1a2b191ce8ee9d7ae6431080f48ef428531215a636523e58cf770bc3103a46
CLIENT_TRAFFIC_SECRET_0 c210075a1b862b06198739bd62edbda125f11c94f1cbf0dc9f179d3303ab1947 4f16ec04c3e06d5c01603aab05fb8a859b2e2219e6e6aec7d43032ddf22efc7c91005b3c3d197c2a48c5fcce77f115ed
SERVER_TRAFFIC_SECRET_0 c210075a1b862b06198739bd62edbda125f11c94f1cbf0dc9f179d3303ab1947 28d5c5d2b765a6111cb96580aef6d59bd770f7c8b31935e08ee51cced1f971447eacae2a6d7ee2336c9dcf7f078cfdb3
CLIENT_HANDSHAKE_TRAFFIC_SECRET 88ec3c894c2d1273f176c7f0ff339f22c39a281faad41569bd97c0427c2709f3 da1649f0f179bcf1ba0e2935856d5c63f4bbd54ba86128db41c17c3810f834f0b2c9a00b6912d12e412592599b0809be
SERVER_HANDSHAKE_TRAFFIC_SECRET 88ec3c894c2d1273f176c7f0ff339f22c39a281faad41569bd97c0427c2709f3 91b376fde78b79aa0dcbaa86d98f715a5145b0001358fd6c6c6266d05e2ffcae52ec2a75e3b93b34e6b2d33db4e61b6a
CLIENT_TRAFFIC_SECRET_0 88ec3c894c2d1273f176c7f0ff339f22c39a281faad41569bd97c0427c2709f3 de9efe97d24d2607417248400bdafd57f85c91096da8b9290484eccb694a1ebaf3635f2272f8e4366068b5c29d3a7219
SERVER_TRAFFIC_SECRET_0 88ec3c894c2d1273f176c7f0ff339f22c39a281faad41569bd97c0427c2709f3 4b631f365b69e68180ac102fe169fede4d2b305f0b25df5ca522b2450c032ef4daa08bd00cd7f2953779e26801a9f6e4
CLIENT_HANDSHAKE_TRAFFIC_SECRET 7f2f0856297eaca49d651d5b2c561887b24d72941eff00b23bd9e660441a4513 793f8e8fcd77d2a4e0acd689a95240d980c5b9351cf3c2d7fe1bb8d57a731c8e8ea4104410ef92d0cd1a44bdee2d1238
SERVER_HANDSHAKE_TRAFFIC_SECRET 7f2f0856297eaca49d651d5b2c561887b24d72941eff00b23bd9e660441a4513 92e1c208384db7fc2cd9e9ef62607545e4714650c214efd7852a98f140944c3daeea990bc891a0157cb1f197c4b451ba
CLIENT_TRAFFIC_SECRET_0 7f2f0856297eaca49d651d5b2c561887b24d72941eff00b23bd9e660441a4513 33b53828a500a7e1cdf73cf7a328666f419b34c39758b4ef9dcbcbb4f7f699a553e2fa1dcc7e17825636d137e6aba5d9
SERVER_TRAFFIC_SECRET_0 7f2f0856297eaca49d651d5b2c561887b24d72941eff00b23bd9e660441a4513 65df122b41eb81f51ad9ac9ba75449cb758d1df18082cbe073b81cffc9529eafe8a97c6880a1b9a3a9b6d223d8711ea7
CLIENT_HANDSHAKE_TRAFFIC_SECRET af2355a0c3a1ca089eb0ed5ea9c872e07343f3741ca554fc5fe1059048afdc95 0161a37ff69ce6df6a9c962cbcc4083a362d8cdb2f3814366bfcc441c3fd41551a0993aa2d6797ef966609285bab55ef
SERVER_HANDSHAKE_TRAFFIC_SECRET af2355a0c3a1ca089eb0ed5ea9c872e07343f3741ca554fc5fe1059048afdc95 ea7f59f69122156f1a96352744efd26ddcd790f1dbdb554e2662e8852a768e300304a535049a382be950b02aae13ef97
CLIENT_TRAFFIC_SECRET_0 af2355a0c3a1ca089eb0ed5ea9c872e07343f3741ca554fc5fe1059048afdc95 1bd842e3108958e82d4c403d33e14e9c24796c52a0118775b99404c5792612f1b62c31eba2010d0fc3fbdf1fed43c9e5
SERVER_TRAFFIC_SECRET_0 af2355a0c3a1ca089eb0ed5ea9c872e07343f3741ca554fc5fe1059048afdc95 1d401e6c9961c160b1b16840baf8fe5ae4bd0a4e94443266f0651dd6c14343e3c002bec201a21b0dbfc9f97aecaf7a3c
CLIENT_HANDSHAKE_TRAFFIC_SECRET 65baf34ae656b6cf696f171afcb785ea96fb821fa90add1a3ae5719fdea55832 9e7556859b235b7422accbcc1874d2747e3152ac78ccb6ecb8e9c0632cd9569a12c68fa3d4f78077646c7bd59ca1f3b9
SERVER_HANDSHAKE_TRAFFIC_SECRET 65baf34ae656b6cf696f171afcb785ea96fb821fa90add1a3ae5719fdea55832 dcc08a900f73919d26a09c9feecdac09964f0ca12bd50a7fa059df39256d484a7a11014afd452cac8854407e37b284d4
CLIENT_TRAFFIC_SECRET_0 65baf34ae656b6cf696f171afcb785ea96fb821fa90add1a3ae5719fdea55832 2c1365d1c8a163312ae7ff955060bf78b136e3bf40c20fd53fe13de715f048dfd99492dcfb2adee7446c11ec61697dcd
SERVER_TRAFFIC_SECRET_0 65baf34ae656b6cf696f171afcb785ea96fb821fa90add1a3ae5719fdea55832 53f60a61268f8eefb5aa25934ea774f066a7e4c5ed7a3d5048387173ff0d5b7c8f316b32569962a40511ac1f3548bfe4
CLIENT_HANDSHAKE_TRAFFIC_SECRET 3e0fab4a049469d79a028bc0601845267db4555771b4244bc2b51b9664e6f32c 8ed128c3bcdaf3089a7fe0370594d84084f0ebd8019f44aadc240ce5271c1700427e23ed26619cb5811827085e226aa9
SERVER_HANDSHAKE_TRAFFIC_SECRET 3e0fab4a049469d79a028bc0601845267db4555771b4244bc2b51b9664e6f32c 2831aa9c39b64eff03378a15074bac4f7b8cfe3cfb8a2857b56d44f6a526610a9371ddddaaf0b0c8f8bcd080d18d922f
CLIENT_TRAFFIC_SECRET_0 3e0fab4a049469d79a028bc0601845267db4555771b4244bc2b51b9664e6f32c 7e3602b523bf35d7cf9736059f34cada2ffb2e3ec571aa3136b5099d41c60aaf1a8ec1df79b6b7da70387aa554a5b6e6
SERVER_TRAFFIC_SECRET_0 3e0fab4a049469d79a028bc0601845267db4555771b4244bc2b51b9664e6f32c 7919de0ab2d4702cec27a52ec82ed1be0a8a2fd3be33b35ce4f96cec9df909e7ae7a561ed7daea6a882938603f97aca8
CLIENT_HANDSHAKE_TRAFFIC_SECRET a540633b5ca1d8e677e96f96caeb093b95417b8d8a1ed058b022210d1499b662 17004c5914a9a05d819e960df3370a8a22167f9182094d8c00f878ed1331571cb2225fd6e005e1a6292e8a8ff389cc3d
SERVER_HANDSHAKE_TRAFFIC_SECRET a540633b5ca1d8e677e96f96caeb093b95417b8d8a1ed058b022210d1499b662 6f38afbb3ceee2ad2d38f24aabcfea2436bfd64f4890d1a8415eb720cef1db5daed2e095bb1a64354d956ec87a86ce4f
CLIENT_TRAFFIC_SECRET_0 a540633b5ca1d8e677e96f96caeb093b95417b8d8a1ed058b022210d1499b662 f1327c24deb5c8d15d26e5331be8c2d0e3a8b92e379a51fad43405a8bbfd91c16c89813b043b989ae3b619e914027153
SERVER_TRAFFIC_SECRET_0 a540633b5ca1d8e677e96f96caeb093b95417b8d8a1ed058b022210d1499b662 3157469870a41e14ecb1ef52e0cb6a703d91b0ac343d53012a41617561cff1c6df14cffb8f4a17c014625de1f0b6c378
CLIENT_HANDSHAKE_TRAFFIC_SECRET 37f7bafcf3662eba71f75cec6fda320b72e54e24ea3d8ffb0c386afa7e24d90c a0d66493b84002c382e70d8f5107b60d982ca467e9bf4804d6460ca05f50bcff5851638b050a1c44c1de353fc03f2e73
SERVER_HANDSHAKE_TRAFFIC_SECRET 37f7bafcf3662eba71f75cec6fda320b72e54e24ea3d8ffb0c386afa7e24d90c 3928b6d3ece793f56660e825ee3a534718cab73c9909e2b247d1cbbe20aa95082c9a4fa45f8f7daaad6c8d20ab562793
CLIENT_TRAFFIC_SECRET_0 37f7bafcf3662eba71f75cec6fda320b72e54e24ea3d8ffb0c386afa7e24d90c dbf7fcabfdd7725400fea1a453198793a1446bd41949beae3dfe3991670914ec485a77b206846bd9f5508d59ff5fb774
SERVER_TRAFFIC_SECRET_0 37f7bafcf3662eba71f75cec6fda320b72e54e24ea3d8ffb0c386afa7e24d90c a0786fea4a7575e49ff7fd706c7fd9faba915fcbf81b49d13ce7666c47ee15742c2c1d1c556756606f86c881bd02eb5a
CLIENT_HANDSHAKE_TRAFFIC_SECRET c71c84e08102786f613cc9f559737fc60172bb6c5188a0027aa1799586e4468f 9b1f629ddeba5361f0e11fa7cfa59456c7f83a2121b30b74a305152849a35e31c7681487285ebaaff5480afeb33c9d9b
SERVER_HANDSHAKE_TRAFFIC_SECRET c71c84e08102786f613cc9f559737fc60172bb6c5188a0027aa1799586e4468f 3e76e405202656786ab16b04291bc4b3f3f13a028e82e6ac4024c1446a94e33cb31dc1a0cae68235d9c2a3d352fc4b94
CLIENT_TRAFFIC_SECRET_0 c71c84e08102786f613cc9f559737fc60172bb6c5188a0027aa1799586e4468f 8b6b460323392d3a23b07e2659cbfb31cf8effe523c25a01ba961b1d4323a0ba1af45f2dfdc1a80793cb5def166ac18f
SERVER_TRAFFIC_SECRET_0 c71c84e08102786f613cc9f559737fc60172bb6c5188a0027aa1799586e4468f 9bb38490810ab9a3185bd60a063dc57c5c222a341daee6dfd62b71a73f91f2712c4f17a098e641f3ee2a281a9c5675a1
CLIENT_HANDSHAKE_TRAFFIC_SECRET 9b8dd7ff2c99c59374528d51901befedd3b3bc6773a04dcd29f88780ecc6d2ec b423a8ba01d4c6d8b3bfaad650385d5f205530eb705e915a7c3b9d5f2d9b566b639b29476ada13b8c9826081ab22633f
SERVER_HANDSHAKE_TRAFFIC_SECRET 9b8dd7ff2c99c59374528d51901befedd3b3bc6773a04dcd29f88780ecc6d2ec 7a9df29a7418b1ecdc402edaca86c07a37f5e224e603643e93b67305ede225025eb34a076023405cdefd4b7e4f913d55
CLIENT_TRAFFIC_SECRET_0 9b8dd7ff2c99c59374528d51901befedd3b3bc6773a04dcd29f88780ecc6d2ec e0f1589b2a8c4808e61cc1bd64dd5fb90ecf0380cc69879a38272dd645125bb16e0795d4f3960a05346ab79a986d83b6
SERVER_TRAFFIC_SECRET_0 9b8dd7ff2c99c59374528d51901befedd3b3bc6773a04dcd29f88780ecc6d2ec 3418bdc84121042550f5ae9c26f8b90ca83c9b7b86cfba28c8f1876c06e3af60bee57244ee79db6bd36c04e697bda82a
CLIENT_HANDSHAKE_TRAFFIC_SECRET 87e3dc476575dd284ee2312400bae5487200230d65c291b1589d8742a3e657ec f88e9dd07e62a019ce91c5d5e0b45cbf5892e24f861dcdfa1268bf031d5b0464eeb107965c7501d2b46984acd4f4a07d
SERVER_HANDSHAKE_TRAFFIC_SECRET 87e3dc476575dd284ee2312400bae5487200230d65c291b1589d8742a3e657ec a881710399f7ed8372845a120158e8f72fc365798a2d88eeb27bad64b0deb84875551010353d864fb0603f0989c25271
CLIENT_TRAFFIC_SECRET_0 87e3dc476575dd284ee2312400bae5487200230d65c291b1589d8742a3e657ec 5e29b24aceed7bfe297e6b21a408b72cd4fc558c5e4d25496f79c300baadb94d8d6ec127dec9f15a1d4d0749fdfdb9f1
SERVER_TRAFFIC_SECRET_0 87e3dc476575dd284ee2312400bae5487200230d65c291b1589d8742a3e657ec c459b5e696c541e397fe6f95245dfdd6e951e8771620ca36814f82b25938aa0746b7399a1253b01c29df55d5dbe47a2a
CLIENT_HANDSHAKE_TRAFFIC_SECRET 85fb39b0f75dc87f89aceb5caf91e694f8e53062901ceb63f5f145cfbee53c54 945c21ccd52e136327d283a0f0ccbb7b587ee64eab192c95503235f3b155e4efb2c8587864aa3ebaf4e3cc77b22d715a
SERVER_HANDSHAKE_TRAFFIC_SECRET 85fb39b0f75dc87f89aceb5caf91e694f8e53062901ceb63f5f145cfbee53c54 a1519c2300c634563fb8795d59dd7b9015e71f702f875c9582018f0b7259a2456e3274fa4407c588cf8cc1f990f9e878
CLIENT_TRAFFIC_SECRET_0 85fb39b0f75dc87f89aceb5caf91e694f8e53062901ceb63f5f145cfbee53c54 270b3167b5b6b15e2039521fc05f9d34f4e574680b0384b5e77b9fe1c2e063eb0c363c5bb9bd111301124eac52fc28fc
SERVER_TRAFFIC_SECRET_0 85fb39b0f75dc87f89aceb5caf91e694f8e53062901ceb63f5f145cfbee53c54 4f59e67ae8251e4fa4d72bd786dafe7ef13094d67a0dccdd016e36024c7fe357ce7f572df4bfbc6bec4a808288f4f5ee
CLIENT_HANDSHAKE_TRAFFIC_SECRET 1d5740a82cac14336fd58c1dbdf30b0b16fc7088c9f5c1d9770df1246b1724f1 92c763f0efb7de6b528bc6553bd0d4e6dd007d32c315defa40597096a4966ce7089fbacaaa68c41ca548e3b723a7f5d1
SERVER_HANDSHAKE_TRAFFIC_SECRET 1d5740a82cac14336fd58c1dbdf30b0b16fc7088c9f5c1d9770df1246b1724f1 f2f910608635e072f871f59f5f5475d2ef89af00f4cf5d56768a87c81dd639a1220b6445448d73a03ebb5cc996019bbb
CLIENT_TRAFFIC_SECRET_0 1d5740a82cac14336fd58c1dbdf30b0b16fc7088c9f5c1d9770df1246b1724f1 1630b78ec4d3c771b3cf22a2782e803defbc8b905b34ae862d57f31f7e867c738616eccc87728b8afde4b558eff34852
SERVER_TRAFFIC_SECRET_0 1d5740a82cac14336fd58c1dbdf30b0b16fc7088c9f5c1d9770df1246b1724f1 bb2544e2cc4dd4b2382d2d48aab8c289f47820e6f6b8a90a2e66aaad1d8f7ed673355927dd6002083dd6e4be4a41151f
CLIENT_HANDSHAKE_TRAFFIC_SECRET 0bd0356e58604f205b1de300c71e68384d32d8b0920e247eedf3fe22838c3247 042e6d0c54b92aa7ca46654cc9f94c87c67a366b74aa4dfc07cc8d6865606335ab7618397f81e17d086ad3b0f1fdc316
SERVER_HANDSHAKE_TRAFFIC_SECRET 0bd0356e58604f205b1de300c71e68384d32d8b0920e247eedf3fe22838c3247 f02c446378b279df27e27421e166a641f3817f3a636c9bdd6c1051e8fa9720657cd6cb9da9acf3de1ca6b99ee7f66faf
CLIENT_TRAFFIC_SECRET_0 0bd0356e58604f205b1de300c71e68384d32d8b0920e247eedf3fe22838c3247 0e23347a2bc0f1ef761969bbec1971986b2d4dcfd15dd3848c8e29f78dbe674d41c3dc5bdf07b88c827cf573ef71c718
SERVER_TRAFFIC_SECRET_0 0bd0356e58604f205b1de300c71e68384d32d8b0920e247eedf3fe22838c3247 1cfa9e55a5581b871bf77daf55912fdb5ce658f1ae7f1f73228d9bcaa29fbb7f8d2e1354bad9d7e3140ad32e0f8609c4
CLIENT_HANDSHAKE_TRAFFIC_SECRET a8d6fcaab56e24703ba7e19bcf75bbf73d813386a02793f47b7fa84c30823f07 fc494e3362ae258adaaeeb121ba26e99b4159872b76231771df9e774343e0d4aa0ae933da751957a19a6c6fe7dc3f867
SERVER_HANDSHAKE_TRAFFIC_SECRET a8d6fcaab56e24703ba7e19bcf75bbf73d813386a02793f47b7fa84c30823f07 5ef49e4b42e98e3c2e5bf6854deb22e32ac41ca8151e23d88fea7fd58c3dd89a99be5a62f8ac29dd5cba7700d7f7a60c
CLIENT_TRAFFIC_SECRET_0 a8d6fcaab56e24703ba7e19bcf75bbf73d813386a02793f47b7fa84c30823f07 4da7096505caa0cc5b4101916583824afa0d4216d2400f3b04c3fc8d1b45f67d5824949207ec080a2e51811d15408e9f
SERVER_TRAFFIC_SECRET_0 a8d6fcaab56e24703ba7e19bcf75bbf73d813386a02793f47b7fa84c30823f07 9862b7675a4d738dc0cff1af2cda1b5a766cb21d9a5ad029d134f9cc80e82e1708101e0fdcbf0ca18a275e362b2c7253
CLIENT_HANDSHAKE_TRAFFIC_SECRET 1b40e0d634dcc33b290c84cf7ac1e9955dc26e72e63f97c458a7f6f1fd64e017 c22b1e5a351342ac8827c33908edbc38d1a96d35bc86bfe936338a63f3a47230665e22392040a25812ee795c108b95b9
SERVER_HANDSHAKE_TRAFFIC_SECRET 1b40e0d634dcc33b290c84cf7ac1e9955dc26e72e63f97c458a7f6f1fd64e017 c8151e7089562dffbdb4784c48b848e1779635620f493b2d7d29b538364c27f73c3c2b8816c35a7f5d4de95f14177625
CLIENT_TRAFFIC_SECRET_0 1b40e0d634dcc33b290c84cf7ac1e9955dc26e72e63f97c458a7f6f1fd64e017 5feb9f88d991b028fed7110e25a8d8c35c467665bdd93cccb167c6b132152867a9e90ea6e0ba1f81d6f1b2f64afa1294
SERVER_TRAFFIC_SECRET_0 1b40e0d634dcc33b290c84cf7ac1e9955dc26e72e63f97c458a7f6f1fd64e017 469249b24dd97bb942188345858abc4eb202f3073a965cd638326c1f70ab586e3aa526a25a5cfed7396ad4676ef5d306
CLIENT_HANDSHAKE_TRAFFIC_SECRET 328aba7ca42bc7163685f669098e15e8ae3778a7a5c730615243bf0803c08168 f906e92fb6b5dd8cc58e095677c5ac1019fdf3f3199dca81f37df34dadf63a7d4008b705ceaf058385896329a2590fa2
SERVER_HANDSHAKE_TRAFFIC_SECRET 328aba7ca42bc7163685f669098e15e8ae3778a7a5c730615243bf0803c08168 76c519f6daf3d2f97b6874827b930aae6d38adb5603613a81bcd33968e905fe128bdecf70ed3d23262717f48203bd2e3
CLIENT_TRAFFIC_SECRET_0 328aba7ca42bc7163685f669098e15e8ae3778a7a5c730615243bf0803c08168 8bde9b417596b4387f8ed75f19832f6bdbc7cef67a9e2c4ac9a9002b2e4125436bc2258e1ea0ec3ba3286527e45a2f6b
SERVER_TRAFFIC_SECRET_0 328aba7ca42bc7163685f669098e15e8ae3778a7a5c730615243bf0803c08168 36bfd6d141f470dd2e1fac3d28cf0d9ec2e2072bb72974ebea782b907cfa83c65bbc301d550406775b2af2bb5f7121da
CLIENT_HANDSHAKE_TRAFFIC_SECRET 1e1dd7a4423b8e1acefb6109f0b401f2682a7286a87cefbbe9c9bd1d388c8bba 0ee4b05d0317e38b3dac93641b80f2e951ecb403284397c4eb7770118562a1029d7ead572a6eadd09fb0c8a1aef9c93d
SERVER_HANDSHAKE_TRAFFIC_SECRET 1e1dd7a4423b8e1acefb6109f0b401f2682a7286a87cefbbe9c9bd1d388c8bba a865e328bfdb748bcfea75978744dd2afc47f860b127a9399ed96a161d1b362291266bdf8b0f5df6dc95ae3d985549e3
CLIENT_TRAFFIC_SECRET_0 1e1dd7a4423b8e1acefb6109f0b401f2682a7286a87cefbbe9c9bd1d388c8bba dac3e3a49365ea3566ce86684d0266059acb0cd74c690bed9a52b45d16ac0b20abc7890d13a604f0e7008f14cd1122ce
SERVER_TRAFFIC_SECRET_0 1e1dd7a4423b8e1acefb6109f0b401f2682a7286a87cefbbe9c9bd1d388c8bba 7f79adbe02fdedb67b7297b310854be6a075c01a07288701cd171bbe134eee48b7372f8508ad362f38fe05e384ffd707
CLIENT_HANDSHAKE_TRAFFIC_SECRET b8cdba95a62aa4b18b121d20d8dbf7b9e71dee62a6f9801a3c9fdb58d7393b21 728817c9d22eaa2fa317c6df34f652cdc22db2f599d0ff13ee897032e6b31e94ce2894bd75ac5be8ae3ffd8e41f662d9
SERVER_HANDSHAKE_TRAFFIC_SECRET b8cdba95a62aa4b18b121d20d8dbf7b9e71dee62a6f9801a3c9fdb58d7393b21 0f348a2dc29685716d3425048650da290163f6e16af75cb3ab0c65eab7f38b5ff6f76c50fcffc04657e964c5c9444ff6
CLIENT_TRAFFIC_SECRET_0 b8cdba95a62aa4b18b121d20d8dbf7b9e71dee62a6f9801a3c9fdb58d7393b21 5fcc7309e837dcfb61d4d45fd24b685315e902fa0077447c9f90d5ce2a614dde031379ee6a09a1917b4d8677bf91dae0
SERVER_TRAFFIC_SECRET_0 b8cdba95a62aa4b18b121d20d8dbf7b9e71dee62a6f9801a3c9fdb58d7393b21 6fd43b47122c4d84b4e097fbc5567199d35dd6cc0dbbe7e731a94ff4b1b38dea49d04020d05b93fd179eabbf313a20e4
CLIENT_HANDSHAKE_TRAFFIC_SECRET 6b4da5d9ac4dce758aca30fe8c15ebacb63a854a3acbdf9cb994f55cb2a0612a d45c51ab8cca21c58f7468eda756c127217ead64a1758b60c8607d8a9a5b02a610ed7320a7e0ceff8c126964b5ab7b2c
SERVER_HANDSHAKE_TRAFFIC_SECRET 6b4da5d9ac4dce758aca30fe8c15ebacb63a854a3acbdf9cb994f55cb2a0612a 67c85b466d2f8027b5fefc52a8c5db8cb7ad3300c0679a93e10efae3024962e8f8499f02fc0a47465c4b277d16b2472c
CLIENT_TRAFFIC_SECRET_0 6b4da5d9ac4dce758aca30fe8c15ebacb63a854a3acbdf9cb994f55cb2a0612a 3cc84ea3807e91c61a114459920121b68fac62735f9adb74f4638e376bb833b80c00908969a3467c88c9c8e7b531d4a6
SERVER_TRAFFIC_SECRET_0 6b4da5d9ac4dce758aca30fe8c15ebacb63a854a3acbdf9cb994f55cb2a0612a 7d46d9969d8cfc3c1b70cc12464b02a52d1b3b43d0e69e4c36091a802484e388c6f86d3cb61d3b35795be7fa323c8e40
CLIENT_HANDSHAKE_TRAFFIC_SECRET 7a3e3a2e4d8e02b59d89731227b18ad191570fa65a8e5df049b706ad09b25d6f 907305dc1472c81d5d4b38ea747e951740e8111c27a2101b9bbaff2302c160982df12f4ed1440d51ec5d958ab96b0c3e
SERVER_HANDSHAKE_TRAFFIC_SECRET 7a3e3a2e4d8e02b59d89731227b18ad191570fa65a8e5df049b706ad09b25d6f 289fedde4e628c33913f586c699102aac7d42a890dd8fe37e18c1504b0303beab76fa8cd5078d1db4b1b886fd349e506
CLIENT_TRAFFIC_SECRET_0 7a3e3a2e4d8e02b59d89731227b18ad191570fa65a8e5df049b706ad09b25d6f 9ea9d746de44052049cdae5f831d9e6b1b5c10b44d73a358eb963536f162b22d96f0a8af7bda407ae032a546e613e84d
SERVER_TRAFFIC_SECRET_0 7a3e3a2e4d8e02b59d89731227b18ad191570fa65a8e5df049b706ad09b25d6f c94e7fb4528d91e60903583d720a7bdd16184dc4c4c25df5115a90321b5dcf90c0526d7f3b97188c83ebaa516427f312
CLIENT_HANDSHAKE_TRAFFIC_SECRET 208be4ebf5bfa1eaa98af1bf020d9da77df343079481a696bfc888c16b7c87f2 455d45c8489f531ab3c4a7b8b54b757e20129bc1e2f38a88212471db3cf880099c1e434b8f57cf727b1407761855c79e
SERVER_HANDSHAKE_TRAFFIC_SECRET 208be4ebf5bfa1eaa98af1bf020d9da77df343079481a696bfc888c16b7c87f2 593d6eb0f50951414eaa6ac2102abe5bbf57637216cdf30034c6263fb782708f019269dafbb0b9e2f2e02537f23a91ef
CLIENT_TRAFFIC_SECRET_0 208be4ebf5bfa1eaa98af1bf020d9da77df343079481a696bfc888c16b7c87f2 7fcaf33009f416d2be01cc02bb9e4fd6b8f65ad7231e8366fd5df5b9f3dd8a509738dd27920d090b9f8a6d7bcce22fb5
SERVER_TRAFFIC_SECRET_0 208be4ebf5bfa1eaa98af1bf020d9da77df343079481a696bfc888c16b7c87f2 2fed73ada2719103845dcef56f8bb868992f2a2f1c5c228a78230beb069dd43f5dc350d31db130348fcf95f178128629
CLIENT_HANDSHAKE_TRAFFIC_SECRET 5c152daf472e91143348bef3113d5ee3adfe7834b22b5c0491ff0c8c41d04ecb 11779bcf9af0be5c9d22bfe63742d40a431fa314934907b929615c6c6255329f5f547f78624bf28ff9b5a7a6c2c8c7d3
SERVER_HANDSHAKE_TRAFFIC_SECRET 5c152daf472e91143348bef3113d5ee3adfe7834b22b5c0491ff0c8c41d04ecb 19ff22df808defd5d2bdcdeac6eb6863d6540999eb4a4883262d4af3c8dd936e9416fcd38d18152fb0880ac610ab8fd5
CLIENT_TRAFFIC_SECRET_0 5c152daf472e91143348bef3113d5ee3adfe7834b22b5c0491ff0c8c41d04ecb 5970fccfb009f1b4eb49dcf8441f4befd4d800ae7d287570f2a7d35970fa6bf59e638590c91fdaaec64b8e8b3554a14e
SERVER_TRAFFIC_SECRET_0 5c152daf472e91143348bef3113d5ee3adfe7834b22b5c0491ff0c8c41d04ecb b7ff1045123b73f58920df8e44068931f4f55a0a4bde085aac96f765edddc6004c82acaf7f1774d08d37b3eebcee564d
CLIENT_HANDSHAKE_TRAFFIC_SECRET 6f176057d9e6089c157b04ecaa5bf01127a124f2ad27047799f79c1364c59dae 028e639deb6b28ae28416ab06426e791d7f979f16974a11247ed4d3a070bec36e26a5768d6d4d6983167001ae1c255b9
SERVER_HANDSHAKE_TRAFFIC_SECRET 6f176057d9e6089c157b04ecaa5bf01127a124f2ad27047799f79c1364c59dae c63250de0197c9aabb012306047cbaaf9858891c3781203ebbe59c267b4b9da8108328bcc74a209f92e883cc11f565bb
CLIENT_TRAFFIC_SECRET_0 6f176057d9e6089c157b04ecaa5bf01127a124f2ad27047799f79c1364c59dae 6049f73067c5a589b1857e8574c54ac6dfd7741722782c99b0e2a9384313c887475c246fd2e499bc9c579f58623ebf23
SERVER_TRAFFIC_SECRET_0 6f176057d9e6089c157b04ecaa5bf01127a124f2ad27047799f79c1364c59dae 50f92349e05589612f95ac137e9f13206aa39aa2b44b0d526a5411db9b1767c4eef8f27a1e4215afc3197c3c84c6a23d
CLIENT_HANDSHAKE_TRAFFIC_SECRET fbe523a2e7b4918de3259020199ff462454dd125b8fbe022f55057a73f8d05f4 0d7d1fa8880d192a7a4fefe372810afa4fb14d904d7ebb06fa971821a371e370debc46fe36194a7dcf0950633ff0a8ae
SERVER_HANDSHAKE_TRAFFIC_SECRET fbe523a2e7b4918de3259020199ff462454dd125b8fbe022f55057a73f8d05f4 a408fce79f4705768f641c68afdd8700b8e171288371aa0e8db4a195ad5572480af335ef086c035f5ac64b97f94ba5ce
CLIENT_TRAFFIC_SECRET_0 fbe523a2e7b4918de3259020199ff462454dd125b8fbe022f55057a73f8d05f4 1e4c6b440e942ebc11c0b6804d417c3380375b7a8728c0c3a263f1b1b1b6684789cfc2b5aef0758a491ec617148e5958
SERVER_TRAFFIC_SECRET_0 fbe523a2e7b4918de3259020199ff462454dd125b8fbe022f55057a73f8d05f4 c9ef01c4557f101ee27188a5510cef423cc08388bdb0f9dfb4509b4999e24d11b0f43ca3882827c57475a5820cd1e46d
CLIENT_HANDSHAKE_TRAFFIC_SECRET a20397fc72ed982468f75318110efb5c4bb0e3c409da95d71b4fe0497ab23c1d 0eb9ce3d12a32416482013a576256158b6961cef8964d8c97a0be23ed63a1795258f30ef7d2d917a856c367f4d25ae7e
SERVER_HANDSHAKE_TRAFFIC_SECRET a20397fc72ed982468f75318110efb5c4bb0e3c409da95d71b4fe0497ab23c1d 132f946392d476b255da3df461a7f0dd3a9f3331129aaaf40e5583a46e5f3bf4a329cc18b8308b7fa3c40137a29ba0ac
CLIENT_TRAFFIC_SECRET_0 a20397fc72ed982468f75318110efb5c4bb0e3c409da95d71b4fe0497ab23c1d a8d8d93181fe6faf5d60a12d4f35b05daef597055e92a8d48b4328ae21d1805ba45bb62613827cf94605597f2106ff37
SERVER_TRAFFIC_SECRET_0 a20397fc72ed982468f75318110efb5c4bb0e3c409da95d71b4fe0497ab23c1d 682d3e21e8eee38f79b08cacb96c7c6b5fea80f5d88b3f415b32213e4a0a379a71b88e3cc2486af07946cf38f8a61c86
CLIENT_HANDSHAKE_TRAFFIC_SECRET acd75d530d54316246e899125dae177d6b7e3da9786f0d87559d34cf873ef7bd 99d34feb22afa0e73882c35cd3bdef992bc7e17c501d9f55ecf589096322cb543735dd20e49a15b6999155463c48de66
SERVER_HANDSHAKE_TRAFFIC_SECRET acd75d530d54316246e899125dae177d6b7e3da9786f0d87559d34cf873ef7bd a0e8fdcf344e44bfd0a0e6642d36b8c038ffbac1aab6cf31f0b37b55ec48a735a7d5de95a97cb7ccd33784995804fcdc
CLIENT_TRAFFIC_SECRET_0 acd75d530d54316246e899125dae177d6b7e3da9786f0d87559d34cf873ef7bd 7c802bcc5a69d93aee483667841d26f78105d5026950d5bd3eb479b8a61ca314d82564afca71e31527d320ca66898ebe
SERVER_TRAFFIC_SECRET_0 acd75d530d54316246e899125dae177d6b7e3da9786f0d87559d34cf873ef7bd b5650e3d8e7967d2b46759d4f7f4112d63877c05b74681cf2e6f7db5a41dfe3de357c3505bb319fee43700e30264f4da
CLIENT_HANDSHAKE_TRAFFIC_SECRET 17cf004ed962fa996966541a71ec824f0a3a79790756ac7f717179c4e38f9330 7a05b283b5b8a6bb31d28a1c29dd6d5288fcaf29bb0ed52a6bcec8f6bc62931390fa14f7d4daf45e56b655eb08ad140c
SERVER_HANDSHAKE_TRAFFIC_SECRET 17cf004ed962fa996966541a71ec824f0a3a79790756ac7f717179c4e38f9330 bda4c4b3a3f4452ad1c28c66bbaaf9168f853508ab689c86a2400789232b5a8038cf87c01152d030d82437a0ffb9f95a
CLIENT_TRAFFIC_SECRET_0 17cf004ed962fa996966541a71ec824f0a3a79790756ac7f717179c4e38f9330 bc6af1d5078b6dd1949532729b489d5e84f5583cdd99cd4c1aec85f97158678ec1e40cdfa8c7edeca87a425e0d09e8d9
SERVER_TRAFFIC_SECRET_0 17cf004ed962fa996966541a71ec824f0a3a79790756ac7f717179c4e38f9330 c36e102d5d133ecd532266bf9b809f73d3067ccd85ff696852d402824a6de8d8098c94ba7ec7a108f1b540e51b0d5191
CLIENT_HANDSHAKE_TRAFFIC_SECRET 6a340b11d363b0ff1de26a0df9704404b2fc6a18d1cf9c0ec63ec19c46a97475 a4c8dedea61c4cf36550080d34a446f2a8f4829176381f097a2ba224879c9c7de5e7f231cbb8f7abd3e46ade67878a43
SERVER_HANDSHAKE_TRAFFIC_SECRET 6a340b11d363b0ff1de26a0df9704404b2fc6a18d1cf9c0ec63ec19c46a97475 30fbc474950b964d6ed6a1385b12a4827d3645c51bbe1400f2ea956c821aeab0a5ff0bc3ff1b3f7717e8a59d6838980a
CLIENT_TRAFFIC_SECRET_0 6a340b11d363b0ff1de26a0df9704404b2fc6a18d1cf9c0ec63ec19c46a97475 097e31d9e69a4e871e3cdf719ff4a790574c718383371f93c5da265c24cd0a5160a3fee4e2143cd9ffaea8482424d1f1
SERVER_TRAFFIC_SECRET_0 6a340b11d363b0ff1de26a0df9704404b2fc6a18d1cf9c0ec63ec19c46a97475 6357ca70347097ac0ef3199853311837ea3fe553fd7b597caee381c212d0d8664072f48601a500ec3eb194c9b3abe44b
CLIENT_HANDSHAKE_TRAFFIC_SECRET 47da4c5f065c4eb6c360672e67f1818bb5d8f7b8e3e34b0bafe7eb6120ae3e67 30a850b920ed8f0f4542bdf19bed93477cf2e6409db58bd91ba9370b2437e2d4f8e94b398c6a8500346297b480a1786e
SERVER_HANDSHAKE_TRAFFIC_SECRET 47da4c5f065c4eb6c360672e67f1818bb5d8f7b8e3e34b0bafe7eb6120ae3e67 a1d4f56145c4ca3d5c8e09c9ef24341a5f1020d85c2bce97879d5762ac7193d4ac1513c9ee8b4ba5b9d6549418463a47
CLIENT_TRAFFIC_SECRET_0 47da4c5f065c4eb6c360672e67f1818bb5d8f7b8e3e34b0bafe7eb6120ae3e67 c44bc1d725b97a7dcce26725b9522c4a4f633b1efad75bb7fa7310f9aa30a2a12ff929dbaa06d60bbdc4acccbc66827e
SERVER_TRAFFIC_SECRET_0 47da4c5f065c4eb6c360672e67f1818bb5d8f7b8e3e34b0bafe7eb6120ae3e67 eb074be985c96306fa56b96751b581c3edc8baa98c88ee5a659cf81a98bff995c51dcf225cc2d57bc75acd935209a6ad
CLIENT_HANDSHAKE_TRAFFIC_SECRET 5436e99d1c8cd2b99e808c4fe8459e8b65e9c531ed3f09bd0ebc2665c0ade3de f705aef4ab14b0b8155e21d37b88dc527ac4294216608b95fc414e7b03fbedc89a854e87b350520ea0078b5c6f6bbdcf
SERVER_HANDSHAKE_TRAFFIC_SECRET 5436e99d1c8cd2b99e808c4fe8459e8b65e9c531ed3f09bd0ebc2665c0ade3de af5508b1a65a0447ad595ad2be56ad0b7a774a85d5c2d9c0e235d99b2b12a8f3c7c801f43cec8691af3f3e73a87a4334
CLIENT_TRAFFIC_SECRET_0 5436e99d1c8cd2b99e808c4fe8459e8b65e9c531ed3f09bd0ebc2665c0ade3de 89216bf8873fa46eabbcf57eb3263c4271194178c536537bcf9f1773502bd634016040cd177173d0c8918ff2fab06a83
SERVER_TRAFFIC_SECRET_0 5436e99d1c8cd2b99e808c4fe8459e8b65e9c531ed3f09bd0ebc2665c0ade3de a5b96d9840ea0a891ef01fa28849f8a3faed004091514b006b11e49106ca93d62cee4cc066d8bcfefebd6104c3ade13b
CLIENT_HANDSHAKE_TRAFFIC_SECRET 866919c145b4bcf09f4181e42f5b3d7d70b23e36890806b8085eca431b955f49 a4628c69967a5a92e1b3437e5f6aeda28f7704d4f4efeb2674815a84c03571d83a0748ecb7210413994b6b00de92be3b
SERVER_HANDSHAKE_TRAFFIC_SECRET 866919c145b4bcf09f4181e42f5b3d7d70b23e36890806b8085eca431b955f49 7ec5101cda152bd1cd395d0252de2184de943e5b49a97b80fbb7a52791b3c82923862a0bdb34cbe03ed9e1683cab58f3
CLIENT_TRAFFIC_SECRET_0 866919c145b4bcf09f4181e42f5b3d7d70b23e36890806b8085eca431b955f49 070d1dc338417d5f8815ebc0cd930e47c609ed08a2761f7d1e624e68e49db3066b335276aa09b6cbd1d9462beca7a832
SERVER_TRAFFIC_SECRET_0 866919c145b4bcf09f4181e42f5b3d7d70b23e36890806b8085eca431b955f49 82dd596ff4e95f6ec2792d96466add55e3406867a4581c403cab76b2ea0a9dd73f3c8301ec2b9e6007dec8f6bfad746b
CLIENT_HANDSHAKE_TRAFFIC_SECRET 741d48bcb887c12fa0633dfb6426cda0144033832df15398c5963b4e6c2dfd60 be9d45c92c768388c8a784dadc0e22d0d8f57347e3e5bba42519966c8d86c722ce1279b0da60fbf65ff72f4edc3aa964
SERVER_HANDSHAKE_TRAFFIC_SECRET 741d48bcb887c12fa0633dfb6426cda0144033832df15398c5963b4e6c2dfd60 bda32dc837b59d0e96bdb433d5850f4e6960f89d56c7c57185c13872c93039614673c0c5bec2a87170088c56ecdbcccf
CLIENT_TRAFFIC_SECRET_0 741d48bcb887c12fa0633dfb6426cda0144033832df15398c5963b4e6c2dfd60 2340072da0136ab19ddaa556a3384f6ce4c7ef386ca5719e81ef32b27be9100d6bef5a186830e60bde659a7f2bbecfb3
SERVER_TRAFFIC_SECRET_0 741d48bcb887c12fa0633dfb6426cda0144033832df15398c5963b4e6c2dfd60 989403683b51c66e64523b44b2427be496e33dc86a02bb25eafeb5c1f0dca750161813260c59057c7bd3e7af4e70e78f
CLIENT_HANDSHAKE_TRAFFIC_SECRET 0059de400067adacbc899bffdd61a51a014c2bb9da521dc07061e1062dbd75e4 d28445669429503d75e9e46978ce257eb7ea9db65bb21c737656f6e3710065719a55e9de7549e3fe2bea27786173a156
SERVER_HANDSHAKE_TRAFFIC_SECRET 0059de400067adacbc899bffdd61a51a014c2bb9da521dc07061e1062dbd75e4 421ef6813cbd1e883098155f14f3bdeb36836e8f59105a47eb4bc49efd73ff109058e93b6972e5876f1d489a0fe6228e
CLIENT_TRAFFIC_SECRET_0 0059de400067adacbc899bffdd61a51a014c2bb9da521dc07061e1062dbd75e4 39d8a2a62bba4e3df864d49e8f1afa8d8219d9fe240663a773422771905dae568c7ad1ee5216baa41c6b87863a632732
SERVER_TRAFFIC_SECRET_0 0059de400067adacbc899bffdd61a51a014c2bb9da521dc07061e1062dbd75e4 97d971a792a30b8afcb587a273098e773e573c8ffada81294f12c361e4ca3ccdef2dc3581fb2fcc739e5fbf403002164
CLIENT_HANDSHAKE_TRAFFIC_SECRET 7b58af3fa06ac7cfbc4c9e7a4939d56004612d593afbc8ae0cc81589204da398 e213c1d5e3f07fa163c4bd2ac7ec20abe6f52c90ae02e66e362f89afd7caa20804d8d3da7366c5e23f65bb7d357a612f
SERVER_HANDSHAKE_TRAFFIC_SECRET 7b58af3fa06ac7cfbc4c9e7a4939d56004612d593afbc8ae0cc81589204da398 19bb6498f3f9b9dbb76f63bdd54f090a9032544f0977a52411be10c93be5a585d88581d8a52df4987386d92972c101a4
CLIENT_TRAFFIC_SECRET_0 7b58af3fa06ac7cfbc4c9e7a4939d56004612d593afbc8ae0cc81589204da398 bdbe07f344681569720720ada4caed1fe1c2d92954067094dcb1a3b9a90eee8d2b1f49c5297d39dfb8ccb7c83df3d7fe
SERVER_TRAFFIC_SECRET_0 7b58af3fa06ac7cfbc4c9e7a4939d56004612d593afbc8ae0cc81589204da398 57d00bef226f50d8e907ef2b32b1d95ef8b49475bcd5358605ece9e708e0c652f3e94aa006ab298666320a096e3b0a9c
CLIENT_HANDSHAKE_TRAFFIC_SECRET d3e8c3a7b4bc8b488a8204fb24f18ada0867ce98c4ec941467e4a083eb446b4c 2b71a06568869660257f057a68d0161dca863bce30cab68cf895f85cee641890106db4bdda4e9c828556bb3ae288a330
SERVER_HANDSHAKE_TRAFFIC_SECRET d3e8c3a7b4bc8b488a8204fb24f18ada0867ce98c4ec941467e4a083eb446b4c c62f3f5588d563a8ede3f57f70dd1d195840b3da45fd51015e92fed451cfeb14723ad164d5aba1ab43a3a8411ef22dd1
CLIENT_TRAFFIC_SECRET_0 d3e8c3a7b4bc8b488a8204fb24f18ada0867ce98c4ec941467e4a083eb446b4c eba62553067dbc8305e278db83eda3375d55ef497156b81e288ad6d0863e6fb2b390f768d1890bc9854d6c30d8fd7d82
SERVER_TRAFFIC_SECRET_0 d3e8c3a7b4bc8b488a8204fb24f18ada0867ce98c4ec941467e4a083eb446b4c 2cfab48a0970bc2ccb637d27f23765036a20f7c8171bd1c01212fd60e60cb4c2172019a795ad3b11c547c3c94b6123e7
CLIENT_HANDSHAKE_TRAFFIC_SECRET 6106fe1aa8bc5853ac51bc3a045869ec6bbcbc8046dc74ddc27ace742c435bdf 95b05ca93121782f4942f963c7d73027f77c351a6dd91bb805fb6685bd07776d3df651af0bb68310accdace60063ea5a
SERVER_HANDSHAKE_TRAFFIC_SECRET 6106fe1aa8bc5853ac51bc3a045869ec6bbcbc8046dc74ddc27ace742c435bdf bb7588ef1c72d25c87936deb043acfd26609f99655e3a8945d22c17fb1dbe3308da768cdfc71dd882ca73fe48a2b9424
CLIENT_TRAFFIC_SECRET_0 6106fe1aa8bc5853ac51bc3a045869ec6bbcbc8046dc74ddc27ace742c435bdf b7522331083e9e88cc5d6bdc264c5299d51495731ddb954082b17a1a49d63974f72486269e9742a5a284a329ca257c88
SERVER_TRAFFIC_SECRET_0 6106fe1aa8bc5853ac51bc3a045869ec6bbcbc8046dc74ddc27ace742c435bdf c0ec050617ce644a1b004cb11d292f1046ca9003d52f7ff465764f352db9a6262d5efe0cfde3aac77ae07b4252f56803
CLIENT_HANDSHAKE_TRAFFIC_SECRET e063a8c024c70d0fb8e1ec246820b7835e19e4988b3e61228811a95cbc03bc93 21f0874345b147cde6d75fc1ff93c0d8bc1ae1f53e9ecaa08aff13acb12d1971f6bc8a1980d03cc26fb49fb456519e83
SERVER_HANDSHAKE_TRAFFIC_SECRET e063a8c024c70d0fb8e1ec246820b7835e19e4988b3e61228811a95cbc03bc93 f99a98e964b5f716ad79efdbaf225054c00ef2638193a3e5e4e65b23fb266e655fd88697d8f492e6a706063517d26e19
CLIENT_TRAFFIC_SECRET_0 e063a8c024c70d0fb8e1ec246820b7835e19e4988b3e61228811a95cbc03bc93 3b6e7373b48e61df4e4446939f534614ed2600a646223740f5f68cbb75ee46f183dd9df09dc238bbdbdf6ae7a96aba90
SERVER_TRAFFIC_SECRET_0 e063a8c024c70d0fb8e1ec246820b7835e19e4988b3e61228811a95cbc03bc93 0afeb0428f3f99805a00d51a3502aee0d61f53425f93e88e8499356c33dac5e473cb70849a71f0ab686fd161b3f302d5
CLIENT_HANDSHAKE_TRAFFIC_SECRET 0a13e82a9f194ea2dd4358183ccccb852ba11d8898b958a0a0fdc7deef9883e7 4ff88ea20e2625f384f1c90799c8a9becb4cd1002a518adb8b9c844ae05821f462f34ffd59fa1e468d46d9bdf53f27b6
SERVER_HANDSHAKE_TRAFFIC_SECRET 0a13e82a9f194ea2dd4358183ccccb852ba11d8898b958a0a0fdc7deef9883e7 7c02b0367cbeadbf71464c8005b86d352c1c5f6e46790ed1e3af1fe8038310030963a2b59d913a77e78da0725efbdb16
CLIENT_TRAFFIC_SECRET_0 0a13e82a9f194ea2dd4358183ccccb852ba11d8898b958a0a0fdc7deef9883e7 7d359ec277cd97fdc3e14ccfbac56826a4d5491c4c19a8ec8ca1754e2d5c88d04d3ed8fd61f365c5ddcd9b8f7b4fd6da
SERVER_TRAFFIC_SECRET_0 0a13e82a9f194ea2dd4358183ccccb852ba11d8898b958a0a0fdc7deef9883e7 169cbf3b31c73375bb39bf663431290f1573331c082b3216b08cc83d32cf5e58d7295fd40b0fda0f0577d6aa4dc1218e
CLIENT_HANDSHAKE_TRAFFIC_SECRET cfe965f96d09863eb041974649c8f7dcb7673a3a200653483c5b970d2a040026 2db038b91a2d316b154410bea1e7a149ab84c1f5583eb603b7497ed3e03f4011154491c1496933af83e3c36b674a20f4
SERVER_HANDSHAKE_TRAFFIC_SECRET cfe965f96d09863eb041974649c8f7dcb7673a3a200653483c5b970d2a040026 5b9418013eb165f9543ecdd7ac8298f4a7e2bb9e93230106ccf08e94d8a27cb34184a8a1db136c0704d5bd285bb607a1
CLIENT_TRAFFIC_SECRET_0 cfe965f96d09863eb041974649c8f7dcb7673a3a200653483c5b970d2a040026 d0529f463afe3c752db69a9440fe560f9b93e55b1ed1afa826c346f4dd2d941de63e0e89d68e12491b82be77eac83ea6
SERVER_TRAFFIC_SECRET_0 cfe965f96d09863eb041974649c8f7dcb7673a3a200653483c5b970d2a040026 be6823471ad8aaa2249dc67af7480cf51cd42f1742c4e2e476b7115fc6be4edb083d855a92e68fff5e29eb203f871f21
CLIENT_HANDSHAKE_TRAFFIC_SECRET d6aad6c6b67d8164bacaf4985fb10dcc6cf61cd99007b7cf5d375984a6b24823 993e9e8c8281b610f318eedf5f84f748f7842aa5a637f1a788900427f32fc9119461d1706e0f42c77781f9ab9fa629e9
SERVER_HANDSHAKE_TRAFFIC_SECRET d6aad6c6b67d8164bacaf4985fb10dcc6cf61cd99007b7cf5d375984a6b24823 0da4db9681039af8c1b16674ed8b34a9b8c730bc9c38c2073d116c1514e9eaeaa99e7f5d3c6a59b5964e1dd86252a5f5
CLIENT_TRAFFIC_SECRET_0 d6aad6c6b67d8164bacaf4985fb10dcc6cf61cd99007b7cf5d375984a6b24823 cb6873e8098e1a64d78cc99fc5eb01f3e7ffa4c07b087b2c25448007708d364203bd7bba9bc47291800d836ff2f0b1e0
SERVER_TRAFFIC_SECRET_0 d6aad6c6b67d8164bacaf4985fb10dcc6cf61cd99007b7cf5d375984a6b24823 12e33635c66caf3969b94d10ed8cec994aefee778697e536f2a611be53b09c7ec151a3e50ea044b7ecb53048d33b3c3e
CLIENT_HANDSHAKE_TRAFFIC_SECRET 2e1367cffe5577daeef1b5eb096e87f80120404676cc8f187aed43e3944fc98b c9fed9f21f39bd6699c42244a755f30142e1dfb88a2f20243f3d60c4643516b72ca3471730db7e273258aa0c6049bb83
SERVER_HANDSHAKE_TRAFFIC_SECRET 2e1367cffe5577daeef1b5eb096e87f80120404676cc8f187aed43e3944fc98b c1f68daa39e3df33a94595ed356d251145a13d21bbe3ef99a0591d0d9113c41835586233185640f43a0618eed6ef0f67
CLIENT_TRAFFIC_SECRET_0 2e1367cffe5577daeef1b5eb096e87f80120404676cc8f187aed43e3944fc98b 4385cc2ef82e94242f12862d8b8c879a392a12419e2f915a9c5c87e72a7cccd97ef0d6002bc3b155b88b4e1b1a23b063
SERVER_TRAFFIC_SECRET_0 2e1367cffe5577daeef1b5eb096e87f80120404676cc8f187aed43e3944fc98b a5f4034d3ba419c56c5af89cead098f68d60b126b4ad0a42a322af170acd94d211def8ade1a8fa16c50db9ec7e3b053c
CLIENT_HANDSHAKE_TRAFFIC_SECRET 7fde4dd686626d6092270452de0170af78303c2bb0cf89f4a722683af164faa0 da1c7a64ec1a66bf940346e3686e11587805e0b46a6154153c820e6a2ab9337851abcfa824351eaeb1314e5361a6f821
SERVER_HANDSHAKE_TRAFFIC_SECRET 7fde4dd686626d6092270452de0170af78303c2bb0cf89f4a722683af164faa0 8a48a8ecadaf587dc519824aa94ac9c99221a34384eebb3d06e6760b12ef07307dbcd74e2f2aab19ad9596d7a386d638
CLIENT_TRAFFIC_SECRET_0 7fde4dd686626d6092270452de0170af78303c2bb0cf89f4a722683af164faa0 1e15f9f8f0f7ec15eac782c5ed5c0b7fad9c95efa918933d74aeaf0e877928c6af1f94b965b439da0e2a7e286378cec0
SERVER_TRAFFIC_SECRET_0 7fde4dd686626d6092270452de0170af78303c2bb0cf89f4a722683af164faa0 9e9b71107024545f3574343a6d8ed863a82dacfb8b0fadeeaf5a10c3374c86a32d487ae13abde18c8582b7e879805279
CLIENT_HANDSHAKE_TRAFFIC_SECRET 70b584eee77a9da18c7ff8845c486a08b0cdd3efccf77d6b1fcee0550ff29338 6760522b47eaa83d8dcd05b8dee84d7cd63327db7853e25f306e2845c23526db99dbf623976909b8143fa06227c2cf4c
SERVER_HANDSHAKE_TRAFFIC_SECRET 70b584eee77a9da18c7ff8845c486a08b0cdd3efccf77d6b1fcee0550ff29338 c4eee04dbfdc6051809c47c59478b21acd95ea2fe49b847f0a4313954f9bc857e3804d4a80716b777304969e5ee9b22c
CLIENT_TRAFFIC_SECRET_0 70b584eee77a9da18c7ff8845c486a08b0cdd3efccf77d6b1fcee0550ff29338 bca620b4614c62d6fbfd825fbc4b90f0098319b67965bc126f6dae07717b40a6dac02e935a69b4b68b1c026170b34c89
SERVER_TRAFFIC_SECRET_0 70b584eee77a9da18c7ff8845c486a08b0cdd3efccf77d6b1fcee0550ff29338 06969c5f388c515b92e0871efb0a815fe0d10cfd151922373dbe8d4a9d7fa7e7323240293059534f8b85e5a4ca837413
CLIENT_HANDSHAKE_TRAFFIC_SECRET 0664d6b68b9f088095384c53d561769345f370a66d348c8272cb65f897544697 bccb1fbfbdee8d7030e6aa636030215b5ef4670cc94ff8a8c600c3a980c3dc79fea2e4a715237e7accde9bcb7aa12e5c
SERVER_HANDSHAKE_TRAFFIC_SECRET 0664d6b68b9f088095384c53d561769345f370a66d348c8272cb65f897544697 6f16113ab00295613488d80054d111a124278a73a30acf2c9c767c85958703d8f4c880d50d24fd80ddc0ef4bb1c56acb
CLIENT_TRAFFIC_SECRET_0 0664d6b68b9f088095384c53d561769345f370a66d348c8272cb65f897544697 5d9be62dfbbd4d15192d6d56b5c192235a372141986ea55660d947dbbf055cedc93ea3e1e7e51c707708244ac276cff5
SERVER_TRAFFIC_SECRET_0 0664d6b68b9f088095384c53d561769345f370a66d348c8272cb65f897544697 2bfe30954bb05e9c43da013b11452cd101b5063caa0e7d466d0a4e651fba388d818e2934f3c1e90b2fe2d8885ababf17
